#
# There is insufficient memory for the Java Runtime Environment to continue.
# Native memory allocation (malloc) failed to allocate 32744 bytes for ChunkPool::allocate
# Possible reasons:
#   The system is out of physical RAM or swap space
#   The process is running with CompressedOops enabled, and the Java Heap may be blocking the growth of the native heap
# Possible solutions:
#   Reduce memory load on the system
#   Increase physical memory or swap space
#   Check if swap backing store is full
#   Decrease Java heap size (-Xmx/-Xms)
#   Decrease number of Java threads
#   Decrease Java thread stack sizes (-Xss)
#   Set larger code cache with -XX:ReservedCodeCacheSize=
#   JVM is running with Unscaled Compressed Oops mode in which the Java heap is
#     placed in the first 4GB address space. The Java Heap base address is the
#     maximum limit for the native heap growth. Please use -XX:HeapBaseMinAddress
#     to set the Java Heap base and to place the Java Heap above 4GB virtual address.
# This output file may be truncated or incomplete.
#
#  Out of Memory Error (allocation.cpp:272), pid=9120, tid=0x0000000000002a54
#
# JRE version: OpenJDK Runtime Environment (8.0_242-b01) (build 1.8.0_242-release-1644-b01)
# Java VM: OpenJDK 64-Bit Server VM (25.242-b01 mixed mode windows-amd64 compressed oops)
# Failed to write core dump. Minidumps are not enabled by default on client versions of Windows
#

---------------  T H R E A D  ---------------

Current thread (0x0000000016c7f000):  JavaThread "C1 CompilerThread2" daemon [_thread_in_native, id=10836, stack(0x00000000184a0000,0x00000000185a0000)]

Stack: [0x00000000184a0000,0x00000000185a0000]
[error occurred during error reporting (printing stack bounds), id 0xc0000005]

Native frames: (J=compiled Java code, j=interpreted, Vv=VM code, C=native code)


Current CompileTask:
C1:1070969 34492       3       com.squareup.javapoet.AnnotationSpec::emit (304 bytes)


---------------  P R O C E S S  ---------------

Java Threads: ( => current thread )
  0x000000001e408000 JavaThread "Cache worker for Java compile cache (F:\Project\PersianTask\.gradle\6.1.1\javaCompile)" [_thread_blocked, id=8180, stack(0x000000002e9b0000,0x000000002eab0000)]
  0x000000001e40e800 JavaThread "WorkerExecutor Queue Thread 2" [_thread_blocked, id=6692, stack(0x000000002e450000,0x000000002e550000)]
  0x000000001e406800 JavaThread "stdout" [_thread_in_native, id=10444, stack(0x000000002ec50000,0x000000002ed50000)]
  0x000000001e407000 JavaThread "stderr" [_thread_in_native, id=15588, stack(0x000000002eb50000,0x000000002ec50000)]
  0x0000000022696800 JavaThread "pool-21-thread-1" [_thread_blocked, id=14848, stack(0x00000000295c0000,0x00000000296c0000)]
  0x0000000022695800 JavaThread "WorkerExecutor Queue" [_thread_blocked, id=10592, stack(0x0000000028070000,0x0000000028170000)]
  0x0000000022694000 JavaThread "Cache worker for execution history cache (F:\Project\PersianTask\.gradle\6.1.1\executionHistory)" [_thread_blocked, id=7660, stack(0x0000000025a70000,0x0000000025b70000)]
  0x000000002268c800 JavaThread "Execution worker for ':' Thread 3" [_thread_blocked, id=6156, stack(0x0000000025270000,0x0000000025370000)]
  0x000000002268e000 JavaThread "Execution worker for ':' Thread 2" [_thread_blocked, id=8244, stack(0x0000000025170000,0x0000000025270000)]
  0x0000000022693800 JavaThread "Execution worker for ':'" [_thread_in_native, id=12068, stack(0x0000000025070000,0x0000000025170000)]
  0x000000002268f000 JavaThread "Cache worker for file content cache (F:\Project\PersianTask\.gradle\6.1.1\fileContent)" [_thread_blocked, id=8588, stack(0x0000000024770000,0x0000000024870000)]
  0x0000000022690800 JavaThread "Cache worker for Build Output Cleanup Cache (F:\Project\PersianTask\.gradle\buildOutputCleanup)" [_thread_blocked, id=3920, stack(0x0000000024020000,0x0000000024120000)]
  0x000000002268f800 JavaThread "Build operations Thread 4" [_thread_blocked, id=12716, stack(0x0000000023d20000,0x0000000023e20000)]
  0x0000000022692000 JavaThread "Build operations Thread 3" [_thread_blocked, id=10488, stack(0x00000000214c0000,0x00000000215c0000)]
  0x0000000022687800 JavaThread "Build operations Thread 2" [_thread_blocked, id=524, stack(0x0000000021130000,0x0000000021230000)]
  0x000000002268d800 JavaThread "Build operations" [_thread_blocked, id=1968, stack(0x0000000020330000,0x0000000020430000)]
  0x0000000022689000 JavaThread "Cache worker for cache directory md-rule (C:\Users\ASUS\.gradle\caches\6.1.1\md-rule)" [_thread_blocked, id=16300, stack(0x000000001f200000,0x000000001f300000)]
  0x0000000022688000 JavaThread "Cache worker for cache directory md-supplier (C:\Users\ASUS\.gradle\caches\6.1.1\md-supplier)" [_thread_blocked, id=14688, stack(0x000000001f100000,0x000000001f200000)]
  0x000000002268a800 JavaThread "Cache worker for file hash cache (F:\Project\PersianTask\.gradle\6.1.1\fileHashes)" [_thread_blocked, id=16312, stack(0x000000001cc10000,0x000000001cd10000)]
  0x000000001f844800 JavaThread "Cache worker for checksums cache (F:\Project\PersianTask\.gradle\checksums)" [_thread_blocked, id=1484, stack(0x000000001c510000,0x000000001c610000)]
  0x000000001f844000 JavaThread "Thread-196" [_thread_blocked, id=15536, stack(0x000000001c210000,0x000000001c310000)]
  0x000000001f84a000 JavaThread "Stdin handler" [_thread_blocked, id=1964, stack(0x000000001c110000,0x000000001c210000)]
  0x000000001f83c800 JavaThread "Asynchronous log dispatcher for DefaultDaemonConnection: socket connection from /127.0.0.1:62862 to /127.0.0.1:63314" [_thread_blocked, id=11960, stack(0x000000001be10000,0x000000001bf10000)]
  0x000000001f843000 JavaThread "Daemon worker Thread 6" [_thread_blocked, id=4180, stack(0x000000001bd10000,0x000000001be10000)]
  0x000000001f841800 JavaThread "Cancel handler" [_thread_blocked, id=15476, stack(0x0000000001700000,0x0000000001800000)]
  0x000000001f83b800 JavaThread "Handler for socket connection from /127.0.0.1:62862 to /127.0.0.1:63314" [_thread_in_native, id=15164, stack(0x0000000001600000,0x0000000001700000)]
  0x000000001f83e000 JavaThread "Daemon Thread 6" [_thread_blocked, id=9040, stack(0x0000000001500000,0x0000000001600000)]
  0x000000001e414000 JavaThread "Cache worker for Java compile cache (C:\Users\ASUS\.gradle\caches\6.1.1\javaCompile)" [_thread_blocked, id=11204, stack(0x0000000025970000,0x0000000025a70000)]
  0x000000001f842800 JavaThread "Cache worker for file content cache (C:\Users\ASUS\.gradle\caches\6.1.1\fileContent)" [_thread_blocked, id=14092, stack(0x0000000023c20000,0x0000000023d20000)]
  0x000000001f840000 JavaThread "Memory manager" [_thread_blocked, id=16064, stack(0x0000000021880000,0x0000000021980000)]
  0x000000001a941000 JavaThread "Cache worker for execution history cache (C:\Users\ASUS\.gradle\caches\6.1.1\executionHistory)" [_thread_blocked, id=13024, stack(0x0000000020630000,0x0000000020730000)]
  0x000000001a93e000 JavaThread "Cache worker for file hash cache (C:\Users\ASUS\.gradle\caches\6.1.1\fileHashes)" [_thread_blocked, id=10336, stack(0x000000001ca10000,0x000000001cb10000)]
  0x000000001a93d800 JavaThread "File lock request listener" [_thread_in_native, id=11720, stack(0x000000001c910000,0x000000001ca10000)]
  0x000000001a932800 JavaThread "Cache worker for journal cache (C:\Users\ASUS\.gradle\caches\journal-1)" [_thread_blocked, id=2464, stack(0x000000001c810000,0x000000001c910000)]
  0x000000001a7e1800 JavaThread "Daemon periodic checks" [_thread_blocked, id=15188, stack(0x000000001bc10000,0x000000001bd10000)]
  0x000000001a7e0800 JavaThread "Incoming local TCP Connector on port 62862" [_thread_in_native, id=6388, stack(0x0000000018ca0000,0x0000000018da0000)]
  0x00000000185fc000 JavaThread "Daemon health stats" [_thread_blocked, id=16240, stack(0x0000000018ba0000,0x0000000018ca0000)]
  0x00000000185c3800 JavaThread "Service Thread" daemon [_thread_blocked, id=3176, stack(0x00000000189a0000,0x0000000018aa0000)]
=>0x0000000016c7f000 JavaThread "C1 CompilerThread2" daemon [_thread_in_native, id=10836, stack(0x00000000184a0000,0x00000000185a0000)]
  0x0000000016c58800 JavaThread "C2 CompilerThread1" daemon [_thread_in_native, id=12996, stack(0x00000000183a0000,0x00000000184a0000)]
  0x0000000016c54800 JavaThread "C2 CompilerThread0" daemon [_thread_in_native, id=9716, stack(0x00000000182a0000,0x00000000183a0000)]
  0x0000000016c53000 JavaThread "Attach Listener" daemon [_thread_blocked, id=8612, stack(0x00000000181a0000,0x00000000182a0000)]
  0x0000000016c51800 JavaThread "Signal Dispatcher" daemon [_thread_blocked, id=15984, stack(0x00000000180a0000,0x00000000181a0000)]
  0x0000000016c39000 JavaThread "Finalizer" daemon [_thread_blocked, id=5400, stack(0x0000000017ea0000,0x0000000017fa0000)]
  0x00000000031f2000 JavaThread "Reference Handler" daemon [_thread_blocked, id=3536, stack(0x0000000017da0000,0x0000000017ea0000)]
  0x00000000032de000 JavaThread "main" [_thread_blocked, id=2636, stack(0x0000000002fe0000,0x00000000030e0000)]

Other Threads:
  0x0000000016c15800 VMThread [stack: 0x0000000017ca0000,0x0000000017da0000] [id=12576]
  0x00000000185ed000 WatcherThread [stack: 0x0000000018aa0000,0x0000000018ba0000] [id=15688]

VM state:not at safepoint (normal execution)

VM Mutex/Monitor currently owned by a thread: None

heap address: 0x00000000a0000000, size: 1536 MB, Compressed Oops mode: 32-bit
Narrow klass base: 0x0000000000000000, Narrow klass shift: 3
Compressed class space size: 1073741824 Address: 0x0000000100000000

Heap:
 PSYoungGen      total 349696K, used 115042K [0x00000000e0000000, 0x0000000100000000, 0x0000000100000000)
  eden space 175104K, 65% used [0x00000000e0000000,0x00000000e7058900,0x00000000eab00000)
  from space 174592K, 0% used [0x00000000f5580000,0x00000000f5580000,0x0000000100000000)
  to   space 174592K, 0% used [0x00000000eab00000,0x00000000eab00000,0x00000000f5580000)
 ParOldGen       total 364032K, used 110404K [0x00000000a0000000, 0x00000000b6380000, 0x00000000e0000000)
  object space 364032K, 30% used [0x00000000a0000000,0x00000000a6bd1140,0x00000000b6380000)
 Metaspace       used 186548K, capacity 193350K, committed 193560K, reserved 1218560K
  class space    used 23142K, capacity 24571K, committed 24624K, reserved 1048576K

Card table byte_map: [0x00000000126a0000,0x00000000129b0000] byte_map_base: 0x00000000121a0000

Marking Bits: (ParMarkBitMap*) 0x0000000075aff030
 Begin Bits: [0x0000000012fb0000, 0x00000000147b0000)
 End Bits:   [0x00000000147b0000, 0x0000000015fb0000)

Polling page: 0x00000000013f0000

CodeCache: size=245760Kb used=87936Kb max_used=92276Kb free=157823Kb
 bounds [0x00000000032e0000, 0x0000000008de0000, 0x00000000122e0000]
 total_blobs=26480 nmethods=25577 adapters=813
 compilation: enabled

Compilation events (10 events):
Event: 1070.939 Thread 0x0000000016c7f000 nmethod 34486 0x00000000067a8950 code [0x00000000067a8be0, 0x00000000067aa0d8]
Event: 1070.942 Thread 0x0000000016c7f000 34487       3       kotlin.text.StringsKt__StringsJVMKt::isBlank (109 bytes)
Event: 1070.943 Thread 0x0000000016c7f000 nmethod 34487 0x0000000008cc8b10 code [0x0000000008cc8dc0, 0x0000000008cc9d98]
Event: 1070.945 Thread 0x0000000016c7f000 34488       3       kotlin.text.StringsKt__StringsKt::findAnyOf$StringsKt__StringsKt (430 bytes)
Event: 1070.949 Thread 0x0000000016c7f000 nmethod 34488 0x0000000008cc3990 code [0x0000000008cc3e20, 0x0000000008cc6e28]
Event: 1070.950 Thread 0x0000000016c7f000 34489       1       androidx.room.vo.Entity::getTableName (5 bytes)
Event: 1070.950 Thread 0x0000000016c7f000 nmethod 34489 0x00000000067a8690 code [0x00000000067a87e0, 0x00000000067a88f0]
Event: 1070.952 Thread 0x0000000016c7f000 34490       3       androidx.room.ext.Javapoet_extKt::getN (4 bytes)
Event: 1070.952 Thread 0x0000000016c7f000 nmethod 34490 0x00000000067a8390 code [0x00000000067a84e0, 0x00000000067a8610]
Event: 1070.964 Thread 0x0000000016c7f000 34492       3       com.squareup.javapoet.AnnotationSpec::emit (304 bytes)

GC Heap History (10 events):
Event: 987.082 GC heap before
{Heap before GC invocations=55 (full 6):
 PSYoungGen      total 349696K, used 235799K [0x00000000e0000000, 0x0000000100000000, 0x0000000100000000)
  eden space 175104K, 100% used [0x00000000e0000000,0x00000000eab00000,0x00000000eab00000)
  from space 174592K, 34% used [0x00000000f5580000,0x00000000f90c5ce0,0x0000000100000000)
  to   space 174592K, 0% used [0x00000000eab00000,0x00000000eab00000,0x00000000f5580000)
 ParOldGen       total 325632K, used 210436K [0x00000000a0000000, 0x00000000b3e00000, 0x00000000e0000000)
  object space 325632K, 64% used [0x00000000a0000000,0x00000000acd81370,0x00000000b3e00000)
 Metaspace       used 179083K, capacity 185050K, committed 185240K, reserved 1210368K
  class space    used 22289K, capacity 23597K, committed 23728K, reserved 1048576K
Event: 987.177 GC heap after
Heap after GC invocations=55 (full 6):
 PSYoungGen      total 349696K, used 69187K [0x00000000e0000000, 0x0000000100000000, 0x0000000100000000)
  eden space 175104K, 0% used [0x00000000e0000000,0x00000000e0000000,0x00000000eab00000)
  from space 174592K, 39% used [0x00000000eab00000,0x00000000eee90c68,0x00000000f5580000)
  to   space 174592K, 0% used [0x00000000f5580000,0x00000000f5580000,0x0000000100000000)
 ParOldGen       total 325632K, used 210436K [0x00000000a0000000, 0x00000000b3e00000, 0x00000000e0000000)
  object space 325632K, 64% used [0x00000000a0000000,0x00000000acd81370,0x00000000b3e00000)
 Metaspace       used 179083K, capacity 185050K, committed 185240K, reserved 1210368K
  class space    used 22289K, capacity 23597K, committed 23728K, reserved 1048576K
}
Event: 1062.100 GC heap before
{Heap before GC invocations=56 (full 6):
 PSYoungGen      total 349696K, used 244291K [0x00000000e0000000, 0x0000000100000000, 0x0000000100000000)
  eden space 175104K, 100% used [0x00000000e0000000,0x00000000eab00000,0x00000000eab00000)
  from space 174592K, 39% used [0x00000000eab00000,0x00000000eee90c68,0x00000000f5580000)
  to   space 174592K, 0% used [0x00000000f5580000,0x00000000f5580000,0x0000000100000000)
 ParOldGen       total 325632K, used 210436K [0x00000000a0000000, 0x00000000b3e00000, 0x00000000e0000000)
  object space 325632K, 64% used [0x00000000a0000000,0x00000000acd81370,0x00000000b3e00000)
 Metaspace       used 179437K, capacity 185790K, committed 186008K, reserved 1212416K
  class space    used 22346K, capacity 23699K, committed 23728K, reserved 1048576K
Event: 1062.244 GC heap after
Heap after GC invocations=56 (full 6):
 PSYoungGen      total 349696K, used 13120K [0x00000000e0000000, 0x0000000100000000, 0x0000000100000000)
  eden space 175104K, 0% used [0x00000000e0000000,0x00000000e0000000,0x00000000eab00000)
  from space 174592K, 7% used [0x00000000f5580000,0x00000000f62501d0,0x0000000100000000)
  to   space 174592K, 0% used [0x00000000eab00000,0x00000000eab00000,0x00000000f5580000)
 ParOldGen       total 325632K, used 264117K [0x00000000a0000000, 0x00000000b3e00000, 0x00000000e0000000)
  object space 325632K, 81% used [0x00000000a0000000,0x00000000b01ed628,0x00000000b3e00000)
 Metaspace       used 179437K, capacity 185790K, committed 186008K, reserved 1212416K
  class space    used 22346K, capacity 23699K, committed 23728K, reserved 1048576K
}
Event: 1063.210 GC heap before
{Heap before GC invocations=57 (full 6):
 PSYoungGen      total 349696K, used 188224K [0x00000000e0000000, 0x0000000100000000, 0x0000000100000000)
  eden space 175104K, 100% used [0x00000000e0000000,0x00000000eab00000,0x00000000eab00000)
  from space 174592K, 7% used [0x00000000f5580000,0x00000000f62501d0,0x0000000100000000)
  to   space 174592K, 0% used [0x00000000eab00000,0x00000000eab00000,0x00000000f5580000)
 ParOldGen       total 325632K, used 264117K [0x00000000a0000000, 0x00000000b3e00000, 0x00000000e0000000)
  object space 325632K, 81% used [0x00000000a0000000,0x00000000b01ed628,0x00000000b3e00000)
 Metaspace       used 179544K, capacity 185976K, committed 186136K, reserved 1212416K
  class space    used 22362K, capacity 23730K, committed 23856K, reserved 1048576K
Event: 1063.231 GC heap after
Heap after GC invocations=57 (full 6):
 PSYoungGen      total 349696K, used 12232K [0x00000000e0000000, 0x0000000100000000, 0x0000000100000000)
  eden space 175104K, 0% used [0x00000000e0000000,0x00000000e0000000,0x00000000eab00000)
  from space 174592K, 7% used [0x00000000eab00000,0x00000000eb6f21f0,0x00000000f5580000)
  to   space 174592K, 0% used [0x00000000f5580000,0x00000000f5580000,0x0000000100000000)
 ParOldGen       total 325632K, used 264794K [0x00000000a0000000, 0x00000000b3e00000, 0x00000000e0000000)
  object space 325632K, 81% used [0x00000000a0000000,0x00000000b02969a8,0x00000000b3e00000)
 Metaspace       used 179544K, capacity 185976K, committed 186136K, reserved 1212416K
  class space    used 22362K, capacity 23730K, committed 23856K, reserved 1048576K
}
Event: 1069.019 GC heap before
{Heap before GC invocations=58 (full 6):
 PSYoungGen      total 349696K, used 187280K [0x00000000e0000000, 0x0000000100000000, 0x0000000100000000)
  eden space 175104K, 99% used [0x00000000e0000000,0x00000000eaaf1ed0,0x00000000eab00000)
  from space 174592K, 7% used [0x00000000eab00000,0x00000000eb6f21f0,0x00000000f5580000)
  to   space 174592K, 0% used [0x00000000f5580000,0x00000000f5580000,0x0000000100000000)
 ParOldGen       total 325632K, used 264794K [0x00000000a0000000, 0x00000000b3e00000, 0x00000000e0000000)
  object space 325632K, 81% used [0x00000000a0000000,0x00000000b02969a8,0x00000000b3e00000)
 Metaspace       used 179956K, capacity 186694K, committed 186904K, reserved 1212416K
  class space    used 22420K, capacity 23829K, committed 23856K, reserved 1048576K
Event: 1069.054 GC heap after
Heap after GC invocations=58 (full 6):
 PSYoungGen      total 349696K, used 7744K [0x00000000e0000000, 0x0000000100000000, 0x0000000100000000)
  eden space 175104K, 0% used [0x00000000e0000000,0x00000000e0000000,0x00000000eab00000)
  from space 174592K, 4% used [0x00000000f5580000,0x00000000f5d10210,0x0000000100000000)
  to   space 174592K, 0% used [0x00000000eab00000,0x00000000eab00000,0x00000000f5580000)
 ParOldGen       total 325632K, used 276406K [0x00000000a0000000, 0x00000000b3e00000, 0x00000000e0000000)
  object space 325632K, 84% used [0x00000000a0000000,0x00000000b0ded818,0x00000000b3e00000)
 Metaspace       used 179956K, capacity 186694K, committed 186904K, reserved 1212416K
  class space    used 22420K, capacity 23829K, committed 23856K, reserved 1048576K
}
Event: 1069.054 GC heap before
{Heap before GC invocations=59 (full 7):
 PSYoungGen      total 349696K, used 7744K [0x00000000e0000000, 0x0000000100000000, 0x0000000100000000)
  eden space 175104K, 0% used [0x00000000e0000000,0x00000000e0000000,0x00000000eab00000)
  from space 174592K, 4% used [0x00000000f5580000,0x00000000f5d10210,0x0000000100000000)
  to   space 174592K, 0% used [0x00000000eab00000,0x00000000eab00000,0x00000000f5580000)
 ParOldGen       total 325632K, used 276406K [0x00000000a0000000, 0x00000000b3e00000, 0x00000000e0000000)
  object space 325632K, 84% used [0x00000000a0000000,0x00000000b0ded818,0x00000000b3e00000)
 Metaspace       used 179956K, capacity 186694K, committed 186904K, reserved 1212416K
  class space    used 22420K, capacity 23829K, committed 23856K, reserved 1048576K
Event: 1069.501 GC heap after
Heap after GC invocations=59 (full 7):
 PSYoungGen      total 349696K, used 0K [0x00000000e0000000, 0x0000000100000000, 0x0000000100000000)
  eden space 175104K, 0% used [0x00000000e0000000,0x00000000e0000000,0x00000000eab00000)
  from space 174592K, 0% used [0x00000000f5580000,0x00000000f5580000,0x0000000100000000)
  to   space 174592K, 0% used [0x00000000eab00000,0x00000000eab00000,0x00000000f5580000)
 ParOldGen       total 364032K, used 110404K [0x00000000a0000000, 0x00000000b6380000, 0x00000000e0000000)
  object space 364032K, 30% used [0x00000000a0000000,0x00000000a6bd1140,0x00000000b6380000)
 Metaspace       used 179956K, capacity 186694K, committed 186904K, reserved 1212416K
  class space    used 22420K, capacity 23829K, committed 23856K, reserved 1048576K
}

Deoptimization events (10 events):
Event: 986.691 Thread 0x000000001e406800 Uncommon trap: reason=class_check action=maybe_recompile pc=0x00000000087de3dc method=com.android.tools.r8.dex.r.b()Lcom/android/tools/r8/dex/r$a; @ 1333
Event: 987.917 Thread 0x000000002268c800 Uncommon trap: reason=unstable_if action=reinterpret pc=0x00000000072b4cb0 method=java.util.HashMap.removeNode(ILjava/lang/Object;Ljava/lang/Object;ZZ)Ljava/util/HashMap$Node; @ 146
Event: 1062.744 Thread 0x000000002268e000 Uncommon trap: reason=unstable_if action=reinterpret pc=0x0000000004049ac4 method=com.sun.org.apache.xerces.internal.dom.DeferredDocumentImpl.getChunkIndex([[III)I @ 3
Event: 1062.909 Thread 0x000000002268e000 Uncommon trap: reason=class_check action=maybe_recompile pc=0x000000000723ed8c method=com.sun.org.apache.xerces.internal.impl.XMLDocumentFragmentScannerImpl$FragmentContentDriver.next()I @ 2223
Event: 1067.927 Thread 0x000000001e407000 Uncommon trap: reason=unstable_if action=reinterpret pc=0x0000000004b3a764 method=java.io.BufferedReader.readLine(Z)Ljava/lang/String; @ 265
Event: 1069.545 Thread 0x0000000022693800 Uncommon trap: reason=array_check action=maybe_recompile pc=0x0000000006fdb478 method=java.util.ComparableTimSort.mergeLo(IIII)V @ 587
Event: 1069.545 Thread 0x0000000022693800 Uncommon trap: reason=array_check action=maybe_recompile pc=0x0000000006fdb478 method=java.util.ComparableTimSort.mergeLo(IIII)V @ 587
Event: 1070.288 Thread 0x0000000022693800 Uncommon trap: reason=unstable_if action=reinterpret pc=0x000000000556f870 method=org.sqlite.SQLiteJDBCLoader.contentsEquals(Ljava/io/InputStream;Ljava/io/InputStream;)Z @ 39
Event: 1070.427 Thread 0x0000000022693800 Uncommon trap: reason=unstable_if action=reinterpret pc=0x0000000004092540 method=org.antlr.v4.runtime.atn.ATNState.addTransition(ILorg/antlr/v4/runtime/atn/Transition;)V @ 115
Event: 1070.531 Thread 0x0000000022693800 Uncommon trap: reason=unstable_if action=reinterpret pc=0x0000000003dab500 method=kotlin.jvm.internal.Intrinsics.areEqual(Ljava/lang/Object;Ljava/lang/Object;)Z @ 1

Classes redefined (0 events):
No events

Internal exceptions (10 events):
Event: 1069.838 Thread 0x0000000022693800 Exception <a 'java/security/PrivilegedActionException'> (0x00000000e36e81f8) thrown at [C:\src\AOSP-openjdk-git\hotspot\src\share\vm\prims\jvm.cpp, line 1502]
Event: 1069.838 Thread 0x0000000022693800 Exception <a 'java/security/PrivilegedActionException'> (0x00000000e36e8d90) thrown at [C:\src\AOSP-openjdk-git\hotspot\src\share\vm\prims\jvm.cpp, line 1502]
Event: 1069.838 Thread 0x0000000022693800 Exception <a 'java/security/PrivilegedActionException'> (0x00000000e36eb690) thrown at [C:\src\AOSP-openjdk-git\hotspot\src\share\vm\prims\jvm.cpp, line 1502]
Event: 1069.838 Thread 0x0000000022693800 Exception <a 'java/security/PrivilegedActionException'> (0x00000000e36ec228) thrown at [C:\src\AOSP-openjdk-git\hotspot\src\share\vm\prims\jvm.cpp, line 1502]
Event: 1069.838 Thread 0x0000000022693800 Exception <a 'java/security/PrivilegedActionException'> (0x00000000e36ee910) thrown at [C:\src\AOSP-openjdk-git\hotspot\src\share\vm\prims\jvm.cpp, line 1502]
Event: 1069.838 Thread 0x0000000022693800 Exception <a 'java/security/PrivilegedActionException'> (0x00000000e36ef4a8) thrown at [C:\src\AOSP-openjdk-git\hotspot\src\share\vm\prims\jvm.cpp, line 1502]
Event: 1069.838 Thread 0x0000000022693800 Exception <a 'java/security/PrivilegedActionException'> (0x00000000e36f1c60) thrown at [C:\src\AOSP-openjdk-git\hotspot\src\share\vm\prims\jvm.cpp, line 1502]
Event: 1069.838 Thread 0x0000000022693800 Exception <a 'java/security/PrivilegedActionException'> (0x00000000e36f27f8) thrown at [C:\src\AOSP-openjdk-git\hotspot\src\share\vm\prims\jvm.cpp, line 1502]
Event: 1069.838 Thread 0x0000000022693800 Exception <a 'java/security/PrivilegedActionException'> (0x00000000e36f50a0) thrown at [C:\src\AOSP-openjdk-git\hotspot\src\share\vm\prims\jvm.cpp, line 1502]
Event: 1069.838 Thread 0x0000000022693800 Exception <a 'java/security/PrivilegedActionException'> (0x00000000e36f5c38) thrown at [C:\src\AOSP-openjdk-git\hotspot\src\share\vm\prims\jvm.cpp, line 1502]

Events (10 events):
Event: 1070.936 loading class androidx/room/writer/TableInfoValidationWriter$write$1$3$columnNames$1
Event: 1070.936 loading class androidx/room/writer/TableInfoValidationWriter$write$1$3$columnNames$1 done
Event: 1070.940 loading class androidx/room/vo/Database$legacyIdentityHash$2$$special$$inlined$sortedBy$1
Event: 1070.940 loading class androidx/room/vo/Database$legacyIdentityHash$2$$special$$inlined$sortedBy$1 done
Event: 1070.944 loading class androidx/room/vo/Database$legacyIdentityHash$2$$special$$inlined$sortedBy$2
Event: 1070.944 loading class androidx/room/vo/Database$legacyIdentityHash$2$$special$$inlined$sortedBy$2 done
Event: 1070.948 loading class androidx/room/writer/DatabaseWriter$createCreateInvalidationTracker$1$tableNames$1
Event: 1070.948 loading class androidx/room/writer/DatabaseWriter$createCreateInvalidationTracker$1$tableNames$1 done
Event: 1070.950 loading class androidx/room/writer/EntityDeleteComparator
Event: 1070.950 loading class androidx/room/writer/EntityDeleteComparator done


Dynamic libraries:
0x00007ff63efc0000 - 0x00007ff63eff1000 	C:\Program Files\Android\Android Studio\jre\bin\java.exe
0x00007ffdf4140000 - 0x00007ffdf4330000 	C:\Windows\SYSTEM32\ntdll.dll
0x00007ffdf3da0000 - 0x00007ffdf3e52000 	C:\Windows\System32\KERNEL32.DLL
0x00007ffdf1ec0000 - 0x00007ffdf2165000 	C:\Windows\System32\KERNELBASE.dll
0x00007ffdf3ed0000 - 0x00007ffdf3f73000 	C:\Windows\System32\ADVAPI32.dll
0x00007ffdf2380000 - 0x00007ffdf241e000 	C:\Windows\System32\msvcrt.dll
0x00007ffdf2200000 - 0x00007ffdf2297000 	C:\Windows\System32\sechost.dll
0x00007ffdf3820000 - 0x00007ffdf3940000 	C:\Windows\System32\RPCRT4.dll
0x00007ffdf2780000 - 0x00007ffdf2915000 	C:\Windows\System32\USER32.dll
0x00007ffdf15f0000 - 0x00007ffdf1611000 	C:\Windows\System32\win32u.dll
0x00007ffdf26d0000 - 0x00007ffdf26f6000 	C:\Windows\System32\GDI32.dll
0x00007ffdf12d0000 - 0x00007ffdf1466000 	C:\Windows\System32\gdi32full.dll
0x00007ffdf1e20000 - 0x00007ffdf1ebe000 	C:\Windows\System32\msvcp_win.dll
0x00007ffdf10d0000 - 0x00007ffdf11ca000 	C:\Windows\System32\ucrtbase.dll
0x00007ffddfc20000 - 0x00007ffddfea4000 	C:\Windows\WinSxS\amd64_microsoft.windows.common-controls_6595b64144ccf1df_6.0.18362.1082_none_9e8193e1e45b25c1\COMCTL32.dll
0x00007ffdf34e0000 - 0x00007ffdf3815000 	C:\Windows\System32\combase.dll
0x00007ffdf1620000 - 0x00007ffdf16a0000 	C:\Windows\System32\bcryptPrimitives.dll
0x00007ffdf2350000 - 0x00007ffdf237e000 	C:\Windows\System32\IMM32.DLL
0x0000000076300000 - 0x00000000763d2000 	C:\Program Files\Android\Android Studio\jre\jre\bin\msvcr100.dll
0x0000000075330000 - 0x0000000075b7b000 	C:\Program Files\Android\Android Studio\jre\jre\bin\server\jvm.dll
0x00007ffdf21f0000 - 0x00007ffdf21f8000 	C:\Windows\System32\PSAPI.DLL
0x00007ffdecde0000 - 0x00007ffdece04000 	C:\Windows\SYSTEM32\WINMM.dll
0x00007ffdbfa40000 - 0x00007ffdbfa49000 	C:\Windows\SYSTEM32\WSOCK32.dll
0x00007ffde9250000 - 0x00007ffde925a000 	C:\Windows\SYSTEM32\VERSION.dll
0x00007ffdf3e60000 - 0x00007ffdf3ecf000 	C:\Windows\System32\WS2_32.dll
0x00007ffdecaf0000 - 0x00007ffdecb1d000 	C:\Windows\SYSTEM32\WINMMBASE.dll
0x00007ffdf11d0000 - 0x00007ffdf121a000 	C:\Windows\System32\cfgmgr32.dll
0x00007ffdec440000 - 0x00007ffdec44f000 	C:\Program Files\Android\Android Studio\jre\jre\bin\verify.dll
0x00007ffdeb4b0000 - 0x00007ffdeb4d9000 	C:\Program Files\Android\Android Studio\jre\jre\bin\java.dll
0x00007ffdeb230000 - 0x00007ffdeb246000 	C:\Program Files\Android\Android Studio\jre\jre\bin\zip.dll
0x00007ffdf2980000 - 0x00007ffdf3067000 	C:\Windows\System32\SHELL32.dll
0x00007ffdf3f80000 - 0x00007ffdf4029000 	C:\Windows\System32\shcore.dll
0x00007ffdf16a0000 - 0x00007ffdf1e20000 	C:\Windows\System32\windows.storage.dll
0x00007ffdf10a0000 - 0x00007ffdf10c3000 	C:\Windows\System32\profapi.dll
0x00007ffdf1030000 - 0x00007ffdf107a000 	C:\Windows\System32\powrprof.dll
0x00007ffdf1000000 - 0x00007ffdf1010000 	C:\Windows\System32\UMPDC.dll
0x00007ffdf3b80000 - 0x00007ffdf3bd2000 	C:\Windows\System32\shlwapi.dll
0x00007ffdf1010000 - 0x00007ffdf1021000 	C:\Windows\System32\kernel.appcore.dll
0x00007ffdf21d0000 - 0x00007ffdf21e7000 	C:\Windows\System32\cryptsp.dll
0x00007ffdeb120000 - 0x00007ffdeb13a000 	C:\Program Files\Android\Android Studio\jre\jre\bin\net.dll
0x00007ffdf0850000 - 0x00007ffdf08b7000 	C:\Windows\system32\mswsock.dll
0x00007ffdeb100000 - 0x00007ffdeb113000 	C:\Program Files\Android\Android Studio\jre\jre\bin\nio.dll
0x00007ffddc4e0000 - 0x00007ffddc506000 	C:\Users\ASUS\.gradle\native\31\windows-amd64\native-platform.dll
0x00007ffdec430000 - 0x00007ffdec43d000 	C:\Program Files\Android\Android Studio\jre\jre\bin\management.dll
0x00007ffdf03c0000 - 0x00007ffdf03f3000 	C:\Windows\system32\rsaenh.dll
0x00007ffdf15c0000 - 0x00007ffdf15e6000 	C:\Windows\System32\bcrypt.dll
0x00007ffdf0f20000 - 0x00007ffdf0f45000 	C:\Windows\SYSTEM32\USERENV.dll
0x00007ffdf0a20000 - 0x00007ffdf0a2c000 	C:\Windows\SYSTEM32\CRYPTBASE.dll
0x00007ffdf0560000 - 0x00007ffdf059a000 	C:\Windows\SYSTEM32\IPHLPAPI.DLL
0x00007ffdf3d20000 - 0x00007ffdf3d28000 	C:\Windows\System32\NSI.dll
0x00007ffde7490000 - 0x00007ffde74a6000 	C:\Windows\SYSTEM32\dhcpcsvc6.DLL
0x00007ffde85f0000 - 0x00007ffde860c000 	C:\Windows\SYSTEM32\dhcpcsvc.DLL
0x00007ffdf05a0000 - 0x00007ffdf066b000 	C:\Windows\SYSTEM32\DNSAPI.dll
0x0000000066e00000 - 0x0000000066f03000 	C:\Users\ASUS\AppData\Local\Temp\sqlite-3.25.2-431a26dd-0a35-4925-bf4d-92e9b12e9621-sqlitejdbc.dll
0x0000000027140000 - 0x0000000027243000 	C:\Users\ASUS\AppData\Local\Temp\sqlite-3.25.2-fe090d4d-cae3-48dd-9b36-fe020905fb9b-sqlitejdbc.dll
0x00000000296c0000 - 0x00000000297c3000 	C:\Users\ASUS\AppData\Local\Temp\sqlite-3.25.2-a3348afb-d9a8-4768-90bf-fa7b8c557a74-sqlitejdbc.dll
0x000000002cd40000 - 0x000000002ce43000 	C:\Users\ASUS\AppData\Local\Temp\sqlite-3.25.2-bd87c8b2-4fd8-46d8-9e16-86beeec6913c-sqlitejdbc.dll
0x000000002a400000 - 0x000000002a503000 	C:\Users\ASUS\AppData\Local\Temp\sqlite-3.25.2-c749cd14-cc9a-40cc-a714-48ceba1fa121-sqlitejdbc.dll
0x000000002b5a0000 - 0x000000002b6a3000 	C:\Users\ASUS\AppData\Local\Temp\sqlite-3.25.2-f5d5c918-41a1-48fc-8227-34e8950f0c36-sqlitejdbc.dll
0x000000002f150000 - 0x000000002f253000 	C:\Users\ASUS\AppData\Local\Temp\sqlite-3.25.2-5f8711d7-30c7-44b0-bf6d-5984b3aa9924-sqlitejdbc.dll

VM Arguments:
jvm_args: -Xmx1536m -Dfile.encoding=windows-1252 -Duser.country=US -Duser.language=en -Duser.variant 
java_command: org.gradle.launcher.daemon.bootstrap.GradleDaemon 6.1.1
java_class_path (initial): C:\Users\ASUS\.gradle\wrapper\dists\gradle-6.1.1-all\cfmwm155h49vnt3hynmlrsdst\gradle-6.1.1\lib\gradle-launcher-6.1.1.jar
Launcher Type: SUN_STANDARD

Environment Variables:
PATH=C:\Program Files\iis express\PHP\v7.2;C:\Windows\system32;C:\Windows;C:\Windows\System32\Wbem;C:\Windows\System32\WindowsPowerShell\v1.0\;C:\Windows\System32\OpenSSH\;C:\Program Files\Microsoft SQL Server\Client SDK\ODBC\170\Tools\Binn\;C:\Program Files (x86)\Microsoft SQL Server\150\Tools\Binn\;C:\Program Files\Microsoft SQL Server\150\Tools\Binn\;C:\Program Files\Microsoft SQL Server\150\DTS\Binn\;C:\Program Files (x86)\Microsoft SQL Server\150\DTS\Binn\;C:\Program Files\TortoiseSVN\bin;C:\Program Files\Intel\WiFi\bin\;C:\Program Files\Common Files\Intel\WirelessCommon\;C:\Program Files\Microsoft SQL Server\Client SDK\ODBC\130\Tools\Binn\;C:\Program Files (x86)\Microsoft SQL Server\140\Tools\Binn\;C:\Program Files\Microsoft SQL Server\140\Tools\Binn\;C:\Program Files\Microsoft SQL Server\140\DTS\Binn\;C:\Program Files\Microsoft SQL Server\Client SDK\ODBC\110\Tools\Binn\;C:\Program Files (x86)\Microsoft SQL Server\120\Tools\Binn\;C:\Program Files\Microsoft SQL Server\120\Tools\Binn\;C:\Program Files\Microsof;C:\Program Files (x86)\GtkSharp\2.12\bin;C:\Program Files\Git\cmd;C:\Users\ASUS\AppData\Local\Android\Sdk\platform-tools;C:\Users\ASUS\AppData\Local\Microsoft\WindowsApps;C:\Users\ASUS\AppData\Local\Android\Sdk\platform-tools;
USERNAME=ASUS
OS=Windows_NT
PROCESSOR_IDENTIFIER=Intel64 Family 6 Model 142 Stepping 9, GenuineIntel



---------------  S Y S T E M  ---------------

OS: Windows 10.0 , 64 bit Build 18362 (10.0.18362.1082)

CPU:total 4 (initial active 4) (2 cores per cpu, 2 threads per core) family 6 model 142 stepping 9, cmov, cx8, fxsr, mmx, sse, sse2, sse3, ssse3, sse4.1, sse4.2, popcnt, avx, avx2, aes, clmul, erms, 3dnowpref, lzcnt, ht, tsc, tscinvbit, bmi1, bmi2, adx

Memory: 4k page, physical 8266396k(580992k free), swap 15434396k(3180k free)

vm_info: OpenJDK 64-Bit Server VM (25.242-b01) for windows-amd64 JRE (1.8.0_242-release-1644-b01), built by "builder" with MS VC++ 10.0 (VS2010)

time: Sun Oct 04 22:40:47 2020
timezone: Iran Standard Time
elapsed time: 1070 seconds (0d 0h 17m 50s)

