#
# There is insufficient memory for the Java Runtime Environment to continue.
# Native memory allocation (malloc) failed to allocate 32744 bytes for ChunkPool::allocate
# Possible reasons:
#   The system is out of physical RAM or swap space
#   In 32 bit mode, the process size limit was hit
# Possible solutions:
#   Reduce memory load on the system
#   Increase physical memory or swap space
#   Check if swap backing store is full
#   Use 64 bit Java on a 64 bit OS
#   Decrease Java heap size (-Xmx/-Xms)
#   Decrease number of Java threads
#   Decrease Java thread stack sizes (-Xss)
#   Set larger code cache with -XX:ReservedCodeCacheSize=
# This output file may be truncated or incomplete.
#
#  Out of Memory Error (allocation.cpp:273), pid=9380, tid=0x0000000000001ca8
#
# JRE version: OpenJDK Runtime Environment (8.0_152-b01) (build 1.8.0_152-release-1343-b01)
# Java VM: OpenJDK 64-Bit Server VM (25.152-b01 mixed mode windows-amd64 compressed oops)
# Failed to write core dump. Minidumps are not enabled by default on client versions of Windows
#

---------------  T H R E A D  ---------------

Current thread (0x0000000016363800):  JavaThread "C1 CompilerThread2" daemon [_thread_in_native, id=7336, stack(0x0000000017be0000,0x0000000017ce0000)]

Stack: [0x0000000017be0000,0x0000000017ce0000]
[error occurred during error reporting (printing stack bounds), id 0xc0000005]

Native frames: (J=compiled Java code, j=interpreted, Vv=VM code, C=native code)


Current CompileTask:
C1:  11900 6235       3       org.objectweb.asm.Frame::execute (2318 bytes)


---------------  P R O C E S S  ---------------

Java Threads: ( => current thread )
  0x000000001960b000 JavaThread "Memory manager" [_thread_blocked, id=3800, stack(0x0000000023410000,0x0000000023510000)]
  0x0000000019612000 JavaThread "Cache worker for Build Output Cleanup Cache (F:\Project\PersianTask\.gradle\buildOutputCleanup)" [_thread_blocked, id=9572, stack(0x00000000222b0000,0x00000000223b0000)]
  0x000000001960f800 JavaThread "Build operations Thread 4" [_thread_blocked, id=5000, stack(0x00000000219b0000,0x0000000021ab0000)]
  0x000000001960e000 JavaThread "Build operations Thread 3" [_thread_blocked, id=3432, stack(0x00000000218b0000,0x00000000219b0000)]
  0x000000001960f000 JavaThread "Build operations Thread 2" [_thread_blocked, id=10912, stack(0x0000000021450000,0x0000000021550000)]
  0x0000000019611000 JavaThread "Build operations" [_thread_blocked, id=11288, stack(0x000000001fdb0000,0x000000001feb0000)]
  0x0000000019605000 JavaThread "Cache worker for execution history cache (C:\Users\ASUS\.gradle\caches\5.1.1\executionHistory)" [_thread_blocked, id=11680, stack(0x0000000021150000,0x0000000021250000)]
  0x000000001960a800 JavaThread "Cache worker for cache directory md-rule (C:\Users\ASUS\.gradle\caches\5.1.1\md-rule)" [_thread_blocked, id=6468, stack(0x00000000215b0000,0x00000000216b0000)]
  0x0000000019603000 JavaThread "Cache worker for cache directory md-supplier (C:\Users\ASUS\.gradle\caches\5.1.1\md-supplier)" [_thread_blocked, id=13804, stack(0x000000001c100000,0x000000001c200000)]
  0x0000000019607800 JavaThread "Cache worker for file hash cache (F:\Project\PersianTask\.gradle\5.1.1\fileHashes)" [_thread_blocked, id=12600, stack(0x000000001c240000,0x000000001c340000)]
  0x0000000019606800 JavaThread "Cache worker for journal cache (C:\Users\ASUS\.gradle\caches\journal-1)" [_thread_blocked, id=1928, stack(0x000000001ae30000,0x000000001af30000)]
  0x0000000019604800 JavaThread "File lock request listener" [_thread_in_native, id=5256, stack(0x000000001ad30000,0x000000001ae30000)]
  0x0000000019471800 JavaThread "Cache worker for file hash cache (C:\Users\ASUS\.gradle\caches\5.1.1\fileHashes)" [_thread_blocked, id=11828, stack(0x000000001ac30000,0x000000001ad30000)]
  0x0000000019478000 JavaThread "Thread-8" [_thread_blocked, id=14280, stack(0x000000001ab30000,0x000000001ac30000)]
  0x0000000019477800 JavaThread "Stdin handler" [_thread_blocked, id=6992, stack(0x000000001aa30000,0x000000001ab30000)]
  0x0000000019476800 JavaThread "Asynchronous log dispatcher for DefaultDaemonConnection: socket connection from /127.0.0.1:54671 to /127.0.0.1:54672" [_thread_blocked, id=13244, stack(0x000000001a930000,0x000000001aa30000)]
  0x0000000019476000 JavaThread "Daemon worker" [_thread_in_vm, id=10560, stack(0x000000001a830000,0x000000001a930000)]
  0x0000000019475000 JavaThread "Cancel handler" [_thread_blocked, id=9228, stack(0x000000001a730000,0x000000001a830000)]
  0x0000000019472000 JavaThread "Handler for socket connection from /127.0.0.1:54671 to /127.0.0.1:54672" [_thread_in_native, id=2936, stack(0x000000001a430000,0x000000001a530000)]
  0x0000000019474800 JavaThread "Daemon" [_thread_blocked, id=5840, stack(0x000000001a330000,0x000000001a430000)]
  0x0000000019473000 JavaThread "Daemon periodic checks" [_thread_blocked, id=13076, stack(0x000000001a230000,0x000000001a330000)]
  0x0000000019473800 JavaThread "Incoming local TCP Connector on port 54671" [_thread_in_native, id=13412, stack(0x0000000019ff0000,0x000000001a0f0000)]
  0x00000000163be800 JavaThread "Service Thread" daemon [_thread_blocked, id=3608, stack(0x00000000180e0000,0x00000000181e0000)]
=>0x0000000016363800 JavaThread "C1 CompilerThread2" daemon [_thread_in_native, id=7336, stack(0x0000000017be0000,0x0000000017ce0000)]
  0x000000001635c000 JavaThread "C2 CompilerThread1" daemon [_thread_in_native, id=3008, stack(0x0000000017ae0000,0x0000000017be0000)]
  0x0000000016368000 JavaThread "C2 CompilerThread0" daemon [_thread_in_native, id=10116, stack(0x00000000179e0000,0x0000000017ae0000)]
  0x0000000016366800 JavaThread "Attach Listener" daemon [_thread_blocked, id=2436, stack(0x00000000178e0000,0x00000000179e0000)]
  0x0000000016365000 JavaThread "Signal Dispatcher" daemon [_thread_blocked, id=13092, stack(0x00000000177e0000,0x00000000178e0000)]
  0x00000000029bc000 JavaThread "Finalizer" daemon [_thread_blocked, id=6568, stack(0x00000000175d0000,0x00000000176d0000)]
  0x00000000029b1000 JavaThread "Reference Handler" daemon [_thread_blocked, id=3012, stack(0x00000000174d0000,0x00000000175d0000)]
  0x0000000000bfe000 JavaThread "main" [_thread_blocked, id=11544, stack(0x00000000027b0000,0x00000000028b0000)]

Other Threads:
  0x0000000016326000 VMThread [stack: 0x00000000173d0000,0x00000000174d0000] [id=416]
  0x0000000017d09800 WatcherThread [stack: 0x00000000181e0000,0x00000000182e0000] [id=1904]

VM state:not at safepoint (normal execution)

VM Mutex/Monitor currently owned by a thread: None

Heap:
 PSYoungGen      total 195584K, used 83933K [0x00000000e0000000, 0x00000000ee680000, 0x0000000100000000)
  eden space 179200K, 46% used [0x00000000e0000000,0x00000000e51f7678,0x00000000eaf00000)
  from space 16384K, 0% used [0x00000000ebf00000,0x00000000ebf00000,0x00000000ecf00000)
  to   space 16384K, 0% used [0x00000000eaf00000,0x00000000eaf00000,0x00000000ebf00000)
 ParOldGen       total 88576K, used 29407K [0x00000000a0000000, 0x00000000a5680000, 0x00000000e0000000)
  object space 88576K, 33% used [0x00000000a0000000,0x00000000a1cb7ec8,0x00000000a5680000)
 Metaspace       used 62649K, capacity 64634K, committed 64640K, reserved 1105920K
  class space    used 8397K, capacity 8826K, committed 8832K, reserved 1048576K

Card table byte_map: [0x0000000011d90000,0x00000000120a0000] byte_map_base: 0x0000000011890000

Marking Bits: (ParMarkBitMap*) 0x0000000055015aa0
 Begin Bits: [0x00000000126a0000, 0x0000000013ea0000)
 End Bits:   [0x0000000013ea0000, 0x00000000156a0000)

Polling page: 0x0000000000c00000

CodeCache: size=245760Kb used=19843Kb max_used=19843Kb free=225916Kb
 bounds [0x00000000029d0000, 0x0000000003d40000, 0x00000000119d0000]
 total_blobs=6596 nmethods=5780 adapters=728
 compilation: enabled

Compilation events (10 events):
Event: 11.887 Thread 0x0000000016363800 nmethod 6229 0x0000000003d3c350 code [0x0000000003d3c4e0, 0x0000000003d3c848]
Event: 11.887 Thread 0x0000000016363800 6230       3       sun.reflect.ClassFileAssembler::opc_swap (7 bytes)
Event: 11.887 Thread 0x0000000016363800 nmethod 6230 0x0000000003d3c9d0 code [0x0000000003d3cb40, 0x0000000003d3cd88]
Event: 11.887 Thread 0x0000000016363800 6231       1       sun.reflect.ByteVectorImpl::getData (5 bytes)
Event: 11.887 Thread 0x0000000016363800 nmethod 6231 0x0000000003d3ced0 code [0x0000000003d3d020, 0x0000000003d3d130]
Event: 11.888 Thread 0x0000000016363800 6233       3       org.gradle.model.internal.asm.AsmClassGeneratorUtils::visitParameters (47 bytes)
Event: 11.889 Thread 0x0000000016363800 nmethod 6233 0x0000000003d3d190 code [0x0000000003d3d380, 0x0000000003d3dbf8]
Event: 11.889 Thread 0x0000000016363800 6236       3       org.objectweb.asm.Type::getArgumentsAndReturnSizes (132 bytes)
Event: 11.890 Thread 0x0000000016363800 nmethod 6236 0x0000000003d3e1d0 code [0x0000000003d3e420, 0x0000000003d3f438]
Event: 11.890 Thread 0x0000000016363800 6235       3       org.objectweb.asm.Frame::execute (2318 bytes)

GC Heap History (10 events):
Event: 6.385 GC heap before
{Heap before GC invocations=11 (full 2):
 PSYoungGen      total 119808K, used 11236K [0x00000000e0000000, 0x00000000eaa80000, 0x0000000100000000)
  eden space 108544K, 0% used [0x00000000e0000000,0x00000000e0000000,0x00000000e6a00000)
  from space 11264K, 99% used [0x00000000e6a00000,0x00000000e74f92d8,0x00000000e7500000)
  to   space 12800K, 0% used [0x00000000e9e00000,0x00000000e9e00000,0x00000000eaa80000)
 ParOldGen       total 56832K, used 8506K [0x00000000a0000000, 0x00000000a3780000, 0x00000000e0000000)
  object space 56832K, 14% used [0x00000000a0000000,0x00000000a084e978,0x00000000a3780000)
 Metaspace       used 34630K, capacity 35424K, committed 35456K, reserved 1079296K
  class space    used 4776K, capacity 4974K, committed 4992K, reserved 1048576K
Event: 6.464 GC heap after
Heap after GC invocations=11 (full 2):
 PSYoungGen      total 119808K, used 0K [0x00000000e0000000, 0x00000000eaa80000, 0x0000000100000000)
  eden space 108544K, 0% used [0x00000000e0000000,0x00000000e0000000,0x00000000e6a00000)
  from space 11264K, 0% used [0x00000000e6a00000,0x00000000e6a00000,0x00000000e7500000)
  to   space 12800K, 0% used [0x00000000e9e00000,0x00000000e9e00000,0x00000000eaa80000)
 ParOldGen       total 88576K, used 18870K [0x00000000a0000000, 0x00000000a5680000, 0x00000000e0000000)
  object space 88576K, 21% used [0x00000000a0000000,0x00000000a126d8e8,0x00000000a5680000)
 Metaspace       used 34624K, capacity 35406K, committed 35456K, reserved 1079296K
  class space    used 4775K, capacity 4971K, committed 4992K, reserved 1048576K
}
Event: 8.221 GC heap before
{Heap before GC invocations=12 (full 2):
 PSYoungGen      total 119808K, used 108544K [0x00000000e0000000, 0x00000000eaa80000, 0x0000000100000000)
  eden space 108544K, 100% used [0x00000000e0000000,0x00000000e6a00000,0x00000000e6a00000)
  from space 11264K, 0% used [0x00000000e6a00000,0x00000000e6a00000,0x00000000e7500000)
  to   space 12800K, 0% used [0x00000000e9e00000,0x00000000e9e00000,0x00000000eaa80000)
 ParOldGen       total 88576K, used 18870K [0x00000000a0000000, 0x00000000a5680000, 0x00000000e0000000)
  object space 88576K, 21% used [0x00000000a0000000,0x00000000a126d8e8,0x00000000a5680000)
 Metaspace       used 46722K, capacity 47918K, committed 48256K, reserved 1091584K
  class space    used 6156K, capacity 6416K, committed 6528K, reserved 1048576K
Event: 8.240 GC heap after
Heap after GC invocations=12 (full 2):
 PSYoungGen      total 153088K, used 12783K [0x00000000e0000000, 0x00000000eaa80000, 0x0000000100000000)
  eden space 140288K, 0% used [0x00000000e0000000,0x00000000e0000000,0x00000000e8900000)
  from space 12800K, 99% used [0x00000000e9e00000,0x00000000eaa7bd30,0x00000000eaa80000)
  to   space 15360K, 0% used [0x00000000e8c80000,0x00000000e8c80000,0x00000000e9b80000)
 ParOldGen       total 88576K, used 22314K [0x00000000a0000000, 0x00000000a5680000, 0x00000000e0000000)
  object space 88576K, 25% used [0x00000000a0000000,0x00000000a15ca918,0x00000000a5680000)
 Metaspace       used 46722K, capacity 47918K, committed 48256K, reserved 1091584K
  class space    used 6156K, capacity 6416K, committed 6528K, reserved 1048576K
}
Event: 10.280 GC heap before
{Heap before GC invocations=13 (full 2):
 PSYoungGen      total 153088K, used 153071K [0x00000000e0000000, 0x00000000eaa80000, 0x0000000100000000)
  eden space 140288K, 100% used [0x00000000e0000000,0x00000000e8900000,0x00000000e8900000)
  from space 12800K, 99% used [0x00000000e9e00000,0x00000000eaa7bd30,0x00000000eaa80000)
  to   space 15360K, 0% used [0x00000000e8c80000,0x00000000e8c80000,0x00000000e9b80000)
 ParOldGen       total 88576K, used 22314K [0x00000000a0000000, 0x00000000a5680000, 0x00000000e0000000)
  object space 88576K, 25% used [0x00000000a0000000,0x00000000a15ca918,0x00000000a5680000)
 Metaspace       used 57021K, capacity 58638K, committed 58880K, reserved 1099776K
  class space    used 7536K, capacity 7934K, committed 7936K, reserved 1048576K
Event: 10.303 GC heap after
Heap after GC invocations=13 (full 2):
 PSYoungGen      total 159232K, used 13066K [0x00000000e0000000, 0x00000000ecf00000, 0x0000000100000000)
  eden space 143872K, 0% used [0x00000000e0000000,0x00000000e0000000,0x00000000e8c80000)
  from space 15360K, 85% used [0x00000000e8c80000,0x00000000e9942a28,0x00000000e9b80000)
  to   space 16384K, 0% used [0x00000000ebf00000,0x00000000ebf00000,0x00000000ecf00000)
 ParOldGen       total 88576K, used 28814K [0x00000000a0000000, 0x00000000a5680000, 0x00000000e0000000)
  object space 88576K, 32% used [0x00000000a0000000,0x00000000a1c23840,0x00000000a5680000)
 Metaspace       used 57021K, capacity 58638K, committed 58880K, reserved 1099776K
  class space    used 7536K, capacity 7934K, committed 7936K, reserved 1048576K
}
Event: 10.363 GC heap before
{Heap before GC invocations=14 (full 2):
 PSYoungGen      total 159232K, used 18593K [0x00000000e0000000, 0x00000000ecf00000, 0x0000000100000000)
  eden space 143872K, 3% used [0x00000000e0000000,0x00000000e0565ac8,0x00000000e8c80000)
  from space 15360K, 85% used [0x00000000e8c80000,0x00000000e9942a28,0x00000000e9b80000)
  to   space 16384K, 0% used [0x00000000ebf00000,0x00000000ebf00000,0x00000000ecf00000)
 ParOldGen       total 88576K, used 28814K [0x00000000a0000000, 0x00000000a5680000, 0x00000000e0000000)
  object space 88576K, 32% used [0x00000000a0000000,0x00000000a1c23840,0x00000000a5680000)
 Metaspace       used 57449K, capacity 59022K, committed 59096K, reserved 1099776K
  class space    used 7585K, capacity 7998K, committed 8064K, reserved 1048576K
Event: 10.371 GC heap after
Heap after GC invocations=14 (full 2):
 PSYoungGen      total 195584K, used 6619K [0x00000000e0000000, 0x00000000ee680000, 0x0000000100000000)
  eden space 179200K, 0% used [0x00000000e0000000,0x00000000e0000000,0x00000000eaf00000)
  from space 16384K, 40% used [0x00000000ebf00000,0x00000000ec576fb0,0x00000000ecf00000)
  to   space 16384K, 0% used [0x00000000eaf00000,0x00000000eaf00000,0x00000000ebf00000)
 ParOldGen       total 88576K, used 28822K [0x00000000a0000000, 0x00000000a5680000, 0x00000000e0000000)
  object space 88576K, 32% used [0x00000000a0000000,0x00000000a1c25840,0x00000000a5680000)
 Metaspace       used 57449K, capacity 59022K, committed 59096K, reserved 1099776K
  class space    used 7585K, capacity 7998K, committed 8064K, reserved 1048576K
}
Event: 10.371 GC heap before
{Heap before GC invocations=15 (full 3):
 PSYoungGen      total 195584K, used 6619K [0x00000000e0000000, 0x00000000ee680000, 0x0000000100000000)
  eden space 179200K, 0% used [0x00000000e0000000,0x00000000e0000000,0x00000000eaf00000)
  from space 16384K, 40% used [0x00000000ebf00000,0x00000000ec576fb0,0x00000000ecf00000)
  to   space 16384K, 0% used [0x00000000eaf00000,0x00000000eaf00000,0x00000000ebf00000)
 ParOldGen       total 88576K, used 28822K [0x00000000a0000000, 0x00000000a5680000, 0x00000000e0000000)
  object space 88576K, 32% used [0x00000000a0000000,0x00000000a1c25840,0x00000000a5680000)
 Metaspace       used 57449K, capacity 59022K, committed 59096K, reserved 1099776K
  class space    used 7585K, capacity 7998K, committed 8064K, reserved 1048576K
Event: 10.628 GC heap after
Heap after GC invocations=15 (full 3):
 PSYoungGen      total 195584K, used 0K [0x00000000e0000000, 0x00000000ee680000, 0x0000000100000000)
  eden space 179200K, 0% used [0x00000000e0000000,0x00000000e0000000,0x00000000eaf00000)
  from space 16384K, 0% used [0x00000000ebf00000,0x00000000ebf00000,0x00000000ecf00000)
  to   space 16384K, 0% used [0x00000000eaf00000,0x00000000eaf00000,0x00000000ebf00000)
 ParOldGen       total 88576K, used 29407K [0x00000000a0000000, 0x00000000a5680000, 0x00000000e0000000)
  object space 88576K, 33% used [0x00000000a0000000,0x00000000a1cb7ec8,0x00000000a5680000)
 Metaspace       used 57412K, capacity 58902K, committed 59096K, reserved 1099776K
  class space    used 7575K, capacity 7958K, committed 8064K, reserved 1048576K
}

Deoptimization events (10 events):
Event: 10.224 Thread 0x0000000019476000 Uncommon trap: reason=unstable_if action=reinterpret pc=0x0000000002fbe724 method=java.lang.String.lastIndexOf([CII[CIII)I @ 17
Event: 10.641 Thread 0x0000000019476000 Uncommon trap: reason=unstable_if action=reinterpret pc=0x0000000003af3a1c method=java.util.concurrent.ConcurrentHashMap.putVal(Ljava/lang/Object;Ljava/lang/Object;Z)Ljava/lang/Object; @ 195
Event: 10.682 Thread 0x0000000019476000 Uncommon trap: reason=unstable_if action=reinterpret pc=0x0000000003b638c8 method=kotlin.reflect.jvm.internal.impl.protobuf.CodedInputStream.readRawVarint32()I @ 10
Event: 11.152 Thread 0x0000000019476000 Uncommon trap: reason=unstable_if action=reinterpret pc=0x000000000349b55c method=java.io.WinNTFileSystem.normalize(Ljava/lang/String;)Ljava/lang/String; @ 74
Event: 11.234 Thread 0x0000000019476000 Uncommon trap: reason=unstable_if action=reinterpret pc=0x0000000003ba2be4 method=java.util.Collections$SetFromMap.remove(Ljava/lang/Object;)Z @ 10
Event: 11.402 Thread 0x0000000019476000 Uncommon trap: reason=class_check action=maybe_recompile pc=0x00000000031feae0 method=java.io.BufferedInputStream.read1([BII)I @ 39
Event: 11.402 Thread 0x0000000019476000 Uncommon trap: reason=class_check action=maybe_recompile pc=0x00000000031faa18 method=java.io.BufferedInputStream.read1([BII)I @ 39
Event: 11.888 Thread 0x0000000019476000 Uncommon trap: reason=unstable_if action=reinterpret pc=0x0000000003ce64ec method=org.objectweb.asm.Type.getType(Ljava/lang/Class;)Lorg/objectweb/asm/Type; @ 33
Event: 11.888 Thread 0x0000000019476000 Uncommon trap: reason=unstable_if action=reinterpret pc=0x0000000003c7a24c method=org.objectweb.asm.Type.getArgumentsAndReturnSizes(Ljava/lang/String;)I @ 109
Event: 11.888 Thread 0x0000000019476000 Uncommon trap: reason=unstable_if action=reinterpret pc=0x00000000033f506c method=org.objectweb.asm.Type.getArgumentsAndReturnSizes(Ljava/lang/String;)I @ 109

Classes redefined (0 events):
No events

Internal exceptions (10 events):
Event: 11.076 Thread 0x0000000019476000 Exception <a 'java/lang/ClassNotFoundException': com/android/build/gradle/internal/api/ApkVariantOutputImpl_DecoratedBeanInfo> (0x00000000e1f65240) thrown at [D:\src\AOSP-openjdk-cygwin\jdk8u\hotspot\src\share\vm\classfile\systemDictionary.cpp, line 210]
Event: 11.077 Thread 0x0000000019476000 Exception <a 'java/lang/ClassNotFoundException': com/android/build/gradle/internal/api/ApkVariantOutputImplBeanInfo> (0x00000000e1f7f368) thrown at [D:\src\AOSP-openjdk-cygwin\jdk8u\hotspot\src\share\vm\classfile\systemDictionary.cpp, line 210]
Event: 11.078 Thread 0x0000000019476000 Exception <a 'java/lang/ClassNotFoundException': com/android/build/gradle/internal/api/BaseVariantOutputImplBeanInfo> (0x00000000e1f9a440) thrown at [D:\src\AOSP-openjdk-cygwin\jdk8u\hotspot\src\share\vm\classfile\systemDictionary.cpp, line 210]
Event: 11.078 Thread 0x0000000019476000 Exception <a 'java/lang/ClassNotFoundException': com/android/build/gradle/internal/api/BaseVariantOutputImplCustomizer> (0x00000000e1fb59b0) thrown at [D:\src\AOSP-openjdk-cygwin\jdk8u\hotspot\src\share\vm\classfile\systemDictionary.cpp, line 210]
Event: 11.080 Thread 0x0000000019476000 Exception <a 'java/lang/ClassNotFoundException': com/android/build/gradle/internal/api/ApkVariantOutputImplCustomizer> (0x00000000e1ff2f20) thrown at [D:\src\AOSP-openjdk-cygwin\jdk8u\hotspot\src\share\vm\classfile\systemDictionary.cpp, line 210]
Event: 11.081 Thread 0x0000000019476000 Exception <a 'java/lang/ClassNotFoundException': com/android/build/gradle/internal/api/ApkVariantOutputImpl_DecoratedCustomizer> (0x00000000e20233e8) thrown at [D:\src\AOSP-openjdk-cygwin\jdk8u\hotspot\src\share\vm\classfile\systemDictionary.cpp, line 210
Event: 11.334 Thread 0x0000000019476000 Exception <a 'java/lang/NoSuchMethodError': java.lang.Object.lambda$static$0(Ljava/util/Set;Ljava/util/Set;)Z> (0x00000000e30aede0) thrown at [D:\src\AOSP-openjdk-cygwin\jdk8u\hotspot\src\share\vm\interpreter\linkResolver.cpp, line 584]
Event: 11.334 Thread 0x0000000019476000 Exception <a 'java/lang/NoSuchMethodError': java.lang.Object.lambda$static$1(Ljava/util/Set;Ljava/util/Set;)Z> (0x00000000e30b1d50) thrown at [D:\src\AOSP-openjdk-cygwin\jdk8u\hotspot\src\share\vm\interpreter\linkResolver.cpp, line 584]
Event: 11.335 Thread 0x0000000019476000 Exception <a 'java/lang/NoSuchMethodError': java.lang.Object.lambda$static$2(Ljava/util/Set;Ljava/util/Set;)Z> (0x00000000e30b4890) thrown at [D:\src\AOSP-openjdk-cygwin\jdk8u\hotspot\src\share\vm\interpreter\linkResolver.cpp, line 584]
Event: 11.335 Thread 0x0000000019476000 Exception <a 'java/lang/NoSuchMethodError': java.lang.Object.lambda$static$3(Ljava/util/Set;Ljava/util/Set;)Z> (0x00000000e30b73d0) thrown at [D:\src\AOSP-openjdk-cygwin\jdk8u\hotspot\src\share\vm\interpreter\linkResolver.cpp, line 584]

Events (10 events):
Event: 11.888 Thread 0x0000000019476000 DEOPT UNPACKING pc=0x0000000002a1557b sp=0x000000001a929788 mode 2
Event: 11.888 Thread 0x0000000019476000 Uncommon trap: trap_request=0xffffff65 fr.pc=0x00000000033f506c
Event: 11.888 Thread 0x0000000019476000 DEOPT PACKING pc=0x00000000033f506c sp=0x000000001a929820
Event: 11.888 Thread 0x0000000019476000 DEOPT UNPACKING pc=0x0000000002a1557b sp=0x000000001a9296e0 mode 2
Event: 11.893 loading class org/gradle/api/internal/tasks/testing/logging/DefaultTestLoggingContainer
Event: 11.893 loading class org/gradle/api/internal/tasks/testing/logging/DefaultTestLoggingContainer done
Event: 11.894 loading class org/gradle/api/tasks/testing/logging/TestLogEvent
Event: 11.894 loading class org/gradle/api/tasks/testing/logging/TestLogEvent done
Event: 11.896 loading class org/gradle/api/tasks/testing/logging/TestStackTraceFilter
Event: 11.896 loading class org/gradle/api/tasks/testing/logging/TestStackTraceFilter done


Dynamic libraries:
0x00007ff767e60000 - 0x00007ff767e91000 	C:\Program Files\Android\Android Studio\jre\bin\java.exe
0x00007fffef980000 - 0x00007fffefb70000 	C:\Windows\SYSTEM32\ntdll.dll
0x00007fffef320000 - 0x00007fffef3d2000 	C:\Windows\System32\KERNEL32.DLL
0x00007fffed3e0000 - 0x00007fffed684000 	C:\Windows\System32\KERNELBASE.dll
0x00007fffee3b0000 - 0x00007fffee453000 	C:\Windows\System32\ADVAPI32.dll
0x00007fffee460000 - 0x00007fffee4fe000 	C:\Windows\System32\msvcrt.dll
0x00007fffef590000 - 0x00007fffef627000 	C:\Windows\System32\sechost.dll
0x00007fffef790000 - 0x00007fffef8b0000 	C:\Windows\System32\RPCRT4.dll
0x00007fffee200000 - 0x00007fffee394000 	C:\Windows\System32\USER32.dll
0x00007fffeda00000 - 0x00007fffeda21000 	C:\Windows\System32\win32u.dll
0x00007fffef910000 - 0x00007fffef936000 	C:\Windows\System32\GDI32.dll
0x00007fffed710000 - 0x00007fffed8a6000 	C:\Windows\System32\gdi32full.dll
0x00007fffed340000 - 0x00007fffed3de000 	C:\Windows\System32\msvcp_win.dll
0x00007fffed8b0000 - 0x00007fffed9aa000 	C:\Windows\System32\ucrtbase.dll
0x00007fffd6450000 - 0x00007fffd66d4000 	C:\Windows\WinSxS\amd64_microsoft.windows.common-controls_6595b64144ccf1df_6.0.18362.959_none_e6c7bbbf130c62bb\COMCTL32.dll
0x00007fffeefe0000 - 0x00007fffef315000 	C:\Windows\System32\combase.dll
0x00007fffed690000 - 0x00007fffed710000 	C:\Windows\System32\bcryptPrimitives.dll
0x00007fffee010000 - 0x00007fffee03e000 	C:\Windows\System32\IMM32.DLL
0x0000000054770000 - 0x0000000054842000 	C:\Program Files\Android\Android Studio\jre\jre\bin\msvcr100.dll
0x0000000054850000 - 0x0000000055091000 	C:\Program Files\Android\Android Studio\jre\jre\bin\server\jvm.dll
0x00007fffeda30000 - 0x00007fffeda38000 	C:\Windows\System32\PSAPI.DLL
0x00007fffd4d70000 - 0x00007fffd4d79000 	C:\Windows\SYSTEM32\WSOCK32.dll
0x00007fffeef70000 - 0x00007fffeefdf000 	C:\Windows\System32\WS2_32.dll
0x00007fffe9070000 - 0x00007fffe9094000 	C:\Windows\SYSTEM32\WINMM.dll
0x00007fffe3be0000 - 0x00007fffe3bea000 	C:\Windows\SYSTEM32\VERSION.dll
0x00007fffe9040000 - 0x00007fffe906d000 	C:\Windows\SYSTEM32\WINMMBASE.dll
0x00007fffed9b0000 - 0x00007fffed9fa000 	C:\Windows\System32\cfgmgr32.dll
0x00007fffe87b0000 - 0x00007fffe87bf000 	C:\Program Files\Android\Android Studio\jre\jre\bin\verify.dll
0x00007fffe3100000 - 0x00007fffe3129000 	C:\Program Files\Android\Android Studio\jre\jre\bin\java.dll
0x00007fffe5590000 - 0x00007fffe55a6000 	C:\Program Files\Android\Android Studio\jre\jre\bin\zip.dll
0x00007fffee500000 - 0x00007fffeebe6000 	C:\Windows\System32\SHELL32.dll
0x00007fffeda40000 - 0x00007fffedae9000 	C:\Windows\System32\shcore.dll
0x00007fffecbb0000 - 0x00007fffed332000 	C:\Windows\System32\windows.storage.dll
0x00007fffec880000 - 0x00007fffec8a3000 	C:\Windows\System32\profapi.dll
0x00007fffec8b0000 - 0x00007fffec8fa000 	C:\Windows\System32\powrprof.dll
0x00007fffec830000 - 0x00007fffec840000 	C:\Windows\System32\UMPDC.dll
0x00007fffee140000 - 0x00007fffee192000 	C:\Windows\System32\shlwapi.dll
0x00007fffec860000 - 0x00007fffec871000 	C:\Windows\System32\kernel.appcore.dll
0x00007fffec900000 - 0x00007fffec917000 	C:\Windows\System32\cryptsp.dll
0x00007fffe4e00000 - 0x00007fffe4e1a000 	C:\Program Files\Android\Android Studio\jre\jre\bin\net.dll
0x00007fffec0a0000 - 0x00007fffec107000 	C:\Windows\system32\mswsock.dll
0x00007fffe35c0000 - 0x00007fffe35d1000 	C:\Program Files\Android\Android Studio\jre\jre\bin\nio.dll
0x00007fffe86f0000 - 0x00007fffe870e000 	C:\Users\ASUS\.gradle\native\25\windows-amd64\native-platform.dll
0x00007fffe87a0000 - 0x00007fffe87ad000 	C:\Program Files\Android\Android Studio\jre\jre\bin\management.dll
0x00007fffebc10000 - 0x00007fffebc43000 	C:\Windows\system32\rsaenh.dll
0x00007fffec9d0000 - 0x00007fffec9f6000 	C:\Windows\System32\bcrypt.dll
0x00007fffec750000 - 0x00007fffec775000 	C:\Windows\SYSTEM32\USERENV.dll
0x00007fffec270000 - 0x00007fffec27c000 	C:\Windows\SYSTEM32\CRYPTBASE.dll
0x00007fffebdb0000 - 0x00007fffebdea000 	C:\Windows\SYSTEM32\IPHLPAPI.DLL
0x00007fffeef60000 - 0x00007fffeef68000 	C:\Windows\System32\NSI.dll
0x00007fffdf750000 - 0x00007fffdf766000 	C:\Windows\SYSTEM32\dhcpcsvc6.DLL
0x00007fffe3470000 - 0x00007fffe348c000 	C:\Windows\SYSTEM32\dhcpcsvc.DLL
0x00007fffebdf0000 - 0x00007fffebebb000 	C:\Windows\SYSTEM32\DNSAPI.dll

VM Arguments:
jvm_args: -Xmx1536m -Dfile.encoding=windows-1252 -Duser.country=US -Duser.language=en -Duser.variant 
java_command: org.gradle.launcher.daemon.bootstrap.GradleDaemon 5.1.1
java_class_path (initial): C:\Users\ASUS\.gradle\wrapper\dists\gradle-5.1.1-all\97z1ksx6lirer3kbvdnh7jtjg\gradle-5.1.1\lib\gradle-launcher-5.1.1.jar
Launcher Type: SUN_STANDARD

Environment Variables:
PATH=C:\Program Files\iis express\PHP\v7.2;C:\Windows\system32;C:\Windows;C:\Windows\System32\Wbem;C:\Windows\System32\WindowsPowerShell\v1.0\;C:\Windows\System32\OpenSSH\;C:\Program Files\Microsoft SQL Server\Client SDK\ODBC\170\Tools\Binn\;C:\Program Files (x86)\Microsoft SQL Server\150\Tools\Binn\;C:\Program Files\Microsoft SQL Server\150\Tools\Binn\;C:\Program Files\Microsoft SQL Server\150\DTS\Binn\;C:\Program Files (x86)\Microsoft SQL Server\150\DTS\Binn\;C:\Program Files\TortoiseSVN\bin;C:\Program Files\Intel\WiFi\bin\;C:\Program Files\Common Files\Intel\WirelessCommon\;C:\Program Files\Microsoft SQL Server\Client SDK\ODBC\130\Tools\Binn\;C:\Program Files (x86)\Microsoft SQL Server\140\Tools\Binn\;C:\Program Files\Microsoft SQL Server\140\Tools\Binn\;C:\Program Files\Microsoft SQL Server\140\DTS\Binn\;C:\Program Files\Microsoft SQL Server\Client SDK\ODBC\110\Tools\Binn\;C:\Program Files (x86)\Microsoft SQL Server\120\Tools\Binn\;C:\Program Files\Microsoft SQL Server\120\Tools\Binn\;C:\Program Files\Microsof;C:\Program Files (x86)\GtkSharp\2.12\bin;C:\Users\ASUS\AppData\Local\Microsoft\WindowsApps;
USERNAME=ASUS
OS=Windows_NT
PROCESSOR_IDENTIFIER=Intel64 Family 6 Model 142 Stepping 9, GenuineIntel



---------------  S Y S T E M  ---------------

OS: Windows 10.0 , 64 bit Build 18362 (10.0.18362.959)

CPU:total 4 (initial active 4) (2 cores per cpu, 2 threads per core) family 6 model 142 stepping 9, cmov, cx8, fxsr, mmx, sse, sse2, sse3, ssse3, sse4.1, sse4.2, popcnt, avx, avx2, aes, clmul, erms, 3dnowpref, lzcnt, ht, tsc, tscinvbit, bmi1, bmi2, adx

Memory: 4k page, physical 8266396k(935176k free), swap 8266396k(9924k free)

vm_info: OpenJDK 64-Bit Server VM (25.152-b01) for windows-amd64 JRE (1.8.0_152-release-1343-b01), built by "builder" with MS VC++ 10.0 (VS2010)

time: Sat Aug 15 21:06:48 2020
elapsed time: 11 seconds (0d 0h 0m 11s)

