#
# There is insufficient memory for the Java Runtime Environment to continue.
# Native memory allocation (malloc) failed to allocate 130128 bytes for Chunk::new
# Possible reasons:
#   The system is out of physical RAM or swap space
#   The process is running with CompressedOops enabled, and the Java Heap may be blocking the growth of the native heap
# Possible solutions:
#   Reduce memory load on the system
#   Increase physical memory or swap space
#   Check if swap backing store is full
#   Decrease Java heap size (-Xmx/-Xms)
#   Decrease number of Java threads
#   Decrease Java thread stack sizes (-Xss)
#   Set larger code cache with -XX:ReservedCodeCacheSize=
#   JVM is running with Unscaled Compressed Oops mode in which the Java heap is
#     placed in the first 4GB address space. The Java Heap base address is the
#     maximum limit for the native heap growth. Please use -XX:HeapBaseMinAddress
#     to set the Java Heap base and to place the Java Heap above 4GB virtual address.
# This output file may be truncated or incomplete.
#
#  Out of Memory Error (allocation.cpp:389), pid=10360, tid=0x0000000000003fc4
#
# JRE version: OpenJDK Runtime Environment (8.0_242-b01) (build 1.8.0_242-release-1644-b01)
# Java VM: OpenJDK 64-Bit Server VM (25.242-b01 mixed mode windows-amd64 compressed oops)
# Failed to write core dump. Minidumps are not enabled by default on client versions of Windows
#

---------------  T H R E A D  ---------------

Current thread (0x0000000016332000):  JavaThread "C2 CompilerThread0" daemon [_thread_in_native, id=16324, stack(0x0000000017980000,0x0000000017a80000)]

Stack: [0x0000000017980000,0x0000000017a80000]
[error occurred during error reporting (printing stack bounds), id 0xc0000005]

Native frames: (J=compiled Java code, j=interpreted, Vv=VM code, C=native code)


Current CompileTask:
C2:  86539 14018       4       com.google.common.collect.Interners$InternerImpl::intern (50 bytes)


---------------  P R O C E S S  ---------------

Java Threads: ( => current thread )
  0x000000001deb3800 JavaThread "stdout" [_thread_in_native, id=4252, stack(0x0000000026180000,0x0000000026280000)]
  0x000000001deb9800 JavaThread "stderr" [_thread_in_native, id=7812, stack(0x0000000026080000,0x0000000026180000)]
  0x000000001deba000 JavaThread "stdout" [_thread_in_native, id=14576, stack(0x0000000025df0000,0x0000000025ef0000)]
  0x000000001deb2800 JavaThread "stderr" [_thread_in_native, id=1764, stack(0x0000000025cf0000,0x0000000025df0000)]
  0x000000001deb6800 JavaThread "stdout" [_thread_in_native, id=14764, stack(0x0000000025bf0000,0x0000000025cf0000)]
  0x000000001deb4000 JavaThread "stderr" [_thread_in_native, id=2604, stack(0x0000000025af0000,0x0000000025bf0000)]
  0x000000001deb2000 JavaThread "stdout" [_thread_in_native, id=3384, stack(0x00000000259f0000,0x0000000025af0000)]
  0x000000001deb8000 JavaThread "stderr" [_thread_in_native, id=14240, stack(0x00000000258f0000,0x00000000259f0000)]
  0x000000001deb8800 JavaThread "pool-4-thread-1" [_thread_blocked, id=5800, stack(0x0000000025690000,0x0000000025790000)]
  0x000000001a02e000 JavaThread "MarlinRenderer Disposer" daemon [_thread_blocked, id=10808, stack(0x0000000025190000,0x0000000025290000)]
  0x000000001a02d000 JavaThread "Java2D Disposer" daemon [_thread_blocked, id=15072, stack(0x0000000025030000,0x0000000025130000)]
  0x000000001a02b000 JavaThread "WorkerExecutor Queue Thread 4" [_thread_blocked, id=15048, stack(0x0000000024b30000,0x0000000024c30000)]
  0x000000001a023800 JavaThread "WorkerExecutor Queue Thread 3" [_thread_blocked, id=4660, stack(0x0000000024a30000,0x0000000024b30000)]
  0x000000001a022800 JavaThread "WorkerExecutor Queue Thread 2" [_thread_blocked, id=15760, stack(0x0000000022a40000,0x0000000022b40000)]
  0x000000001a029800 JavaThread "WorkerExecutor Queue" [_thread_blocked, id=12316, stack(0x0000000022730000,0x0000000022830000)]
  0x000000001a027000 JavaThread "Cache worker for execution history cache (F:\Project\PersianTask\.gradle\6.1.1\executionHistory)" [_thread_blocked, id=9624, stack(0x0000000022630000,0x0000000022730000)]
  0x000000001a01f800 JavaThread "Execution worker for ':' Thread 3" [_thread_blocked, id=8472, stack(0x0000000024730000,0x0000000024830000)]
  0x000000001a3c4000 JavaThread "Execution worker for ':' Thread 2" [_thread_in_native, id=12116, stack(0x0000000024430000,0x0000000024530000)]
  0x000000001a3c2800 JavaThread "Execution worker for ':'" [_thread_blocked, id=15824, stack(0x0000000022ec0000,0x0000000022fc0000)]
  0x000000001a3c3000 JavaThread "Cache worker for file content cache (F:\Project\PersianTask\.gradle\6.1.1\fileContent)" [_thread_blocked, id=3736, stack(0x0000000020e80000,0x0000000020f80000)]
  0x000000001a3bb000 JavaThread "Cache worker for Build Output Cleanup Cache (F:\Project\PersianTask\.gradle\buildOutputCleanup)" [_thread_blocked, id=3128, stack(0x0000000020d80000,0x0000000020e80000)]
  0x000000001a3c1800 JavaThread "Build operations Thread 4" [_thread_blocked, id=9876, stack(0x0000000020c80000,0x0000000020d80000)]
  0x000000001a3c1000 JavaThread "Build operations Thread 3" [_thread_blocked, id=10688, stack(0x000000001f700000,0x000000001f800000)]
  0x000000001a3c0000 JavaThread "Build operations Thread 2" [_thread_blocked, id=13532, stack(0x000000001f600000,0x000000001f700000)]
  0x000000001a3bf800 JavaThread "Build operations" [_thread_blocked, id=4956, stack(0x000000001ec00000,0x000000001ed00000)]
  0x000000001a3b8000 JavaThread "Cache worker for cache directory md-rule (C:\Users\ASUS\.gradle\caches\6.1.1\md-rule)" [_thread_blocked, id=2640, stack(0x000000001eb00000,0x000000001ec00000)]
  0x000000001a3be800 JavaThread "Cache worker for cache directory md-supplier (C:\Users\ASUS\.gradle\caches\6.1.1\md-supplier)" [_thread_blocked, id=9396, stack(0x000000001d5c0000,0x000000001d6c0000)]
  0x000000001a3b7000 JavaThread "Cache worker for file hash cache (F:\Project\PersianTask\.gradle\6.1.1\fileHashes)" [_thread_blocked, id=13544, stack(0x000000001d4c0000,0x000000001d5c0000)]
  0x000000001a3bd000 JavaThread "Cache worker for checksums cache (F:\Project\PersianTask\.gradle\checksums)" [_thread_blocked, id=15784, stack(0x000000001bbf0000,0x000000001bcf0000)]
  0x000000001a3bb800 JavaThread "Thread-36" [_thread_blocked, id=8612, stack(0x000000001b7f0000,0x000000001b8f0000)]
  0x000000001a3be000 JavaThread "Stdin handler" [_thread_blocked, id=14384, stack(0x000000001b4f0000,0x000000001b5f0000)]
  0x000000001a3b8800 JavaThread "Asynchronous log dispatcher for DefaultDaemonConnection: socket connection from /127.0.0.1:65146 to /127.0.0.1:65244" [_thread_blocked, id=5696, stack(0x0000000002630000,0x0000000002730000)]
  0x000000001a3b9800 JavaThread "Cancel handler" [_thread_blocked, id=7556, stack(0x0000000000ce0000,0x0000000000de0000)]
  0x000000001a3b6800 JavaThread "Handler for socket connection from /127.0.0.1:65146 to /127.0.0.1:65244" [_thread_in_native, id=412, stack(0x0000000000be0000,0x0000000000ce0000)]
  0x000000001a02c800 JavaThread "Cache worker for file content cache (C:\Users\ASUS\.gradle\caches\6.1.1\fileContent)" [_thread_blocked, id=1088, stack(0x0000000022330000,0x0000000022430000)]
  0x000000001a02a000 JavaThread "Memory manager" [_thread_blocked, id=10244, stack(0x0000000021be0000,0x0000000021ce0000)]
  0x000000001937d000 JavaThread "Cache worker for execution history cache (C:\Users\ASUS\.gradle\caches\6.1.1\executionHistory)" [_thread_blocked, id=2328, stack(0x000000001ed00000,0x000000001ee00000)]
  0x0000000019383000 JavaThread "Cache worker for file hash cache (C:\Users\ASUS\.gradle\caches\6.1.1\fileHashes)" [_thread_blocked, id=13936, stack(0x000000001c0f0000,0x000000001c1f0000)]
  0x0000000019381000 JavaThread "File lock request listener" [_thread_in_native, id=11980, stack(0x000000001bff0000,0x000000001c0f0000)]
  0x000000001937f800 JavaThread "Cache worker for journal cache (C:\Users\ASUS\.gradle\caches\journal-1)" [_thread_blocked, id=3104, stack(0x000000001bef0000,0x000000001bff0000)]
  0x0000000018a22800 JavaThread "Daemon worker" [_thread_blocked, id=10136, stack(0x000000001b8f0000,0x000000001b9f0000)]
  0x0000000017d17800 JavaThread "Daemon" [_thread_blocked, id=10792, stack(0x000000001b3f0000,0x000000001b4f0000)]
  0x0000000017d5c800 JavaThread "Daemon periodic checks" [_thread_blocked, id=9220, stack(0x000000001b2f0000,0x000000001b3f0000)]
  0x0000000018de8800 JavaThread "Incoming local TCP Connector on port 65146" [_thread_in_native, id=8116, stack(0x0000000018380000,0x0000000018480000)]
  0x0000000017f1c800 JavaThread "Daemon health stats" [_thread_blocked, id=13460, stack(0x0000000018280000,0x0000000018380000)]
  0x0000000017b90800 JavaThread "Service Thread" daemon [_thread_blocked, id=11152, stack(0x0000000018080000,0x0000000018180000)]
  0x0000000017b83000 JavaThread "C1 CompilerThread2" daemon [_thread_blocked, id=4776, stack(0x0000000017f80000,0x0000000018080000)]
  0x000000001633a000 JavaThread "C2 CompilerThread1" daemon [_thread_in_native, id=10624, stack(0x0000000017a80000,0x0000000017b80000)]
=>0x0000000016332000 JavaThread "C2 CompilerThread0" daemon [_thread_in_native, id=16324, stack(0x0000000017980000,0x0000000017a80000)]
  0x0000000016338000 JavaThread "Attach Listener" daemon [_thread_blocked, id=3856, stack(0x0000000017880000,0x0000000017980000)]
  0x0000000016336800 JavaThread "Signal Dispatcher" daemon [_thread_blocked, id=13300, stack(0x0000000017780000,0x0000000017880000)]
  0x00000000029bc000 JavaThread "Finalizer" daemon [_thread_blocked, id=14008, stack(0x0000000017580000,0x0000000017680000)]
  0x00000000029b1000 JavaThread "Reference Handler" daemon [_thread_blocked, id=3596, stack(0x0000000017480000,0x0000000017580000)]
  0x000000000262e000 JavaThread "main" [_thread_blocked, id=2716, stack(0x00000000027c0000,0x00000000028c0000)]

Other Threads:
  0x00000000162f6800 VMThread [stack: 0x0000000017380000,0x0000000017480000] [id=13328]
  0x0000000017b85000 WatcherThread [stack: 0x0000000018180000,0x0000000018280000] [id=15096]

VM state:not at safepoint (normal execution)

VM Mutex/Monitor currently owned by a thread: None

heap address: 0x00000000a0000000, size: 1536 MB, Compressed Oops mode: 32-bit
Narrow klass base: 0x0000000000000000, Narrow klass shift: 3
Compressed class space size: 1073741824 Address: 0x0000000100000000

Heap:
 PSYoungGen      total 278528K, used 116735K [0x00000000e0000000, 0x00000000f7c80000, 0x0000000100000000)
  eden space 242176K, 48% used [0x00000000e0000000,0x00000000e71ffe78,0x00000000eec80000)
  from space 36352K, 0% used [0x00000000eec80000,0x00000000eec80000,0x00000000f1000000)
  to   space 51200K, 0% used [0x00000000f4a80000,0x00000000f4a80000,0x00000000f7c80000)
 ParOldGen       total 273408K, used 125234K [0x00000000a0000000, 0x00000000b0b00000, 0x00000000e0000000)
  object space 273408K, 45% used [0x00000000a0000000,0x00000000a7a4c970,0x00000000b0b00000)
 Metaspace       used 78375K, capacity 81386K, committed 81832K, reserved 1120256K
  class space    used 10114K, capacity 10799K, committed 10928K, reserved 1048576K

Card table byte_map: [0x0000000011d80000,0x0000000012090000] byte_map_base: 0x0000000011880000

Marking Bits: (ParMarkBitMap*) 0x00000000560af030
 Begin Bits: [0x0000000012690000, 0x0000000013e90000)
 End Bits:   [0x0000000013e90000, 0x0000000015690000)

Polling page: 0x0000000002600000

CodeCache: size=245760Kb used=39597Kb max_used=39696Kb free=206162Kb
 bounds [0x00000000029c0000, 0x00000000050d0000, 0x00000000119c0000]
 total_blobs=12638 nmethods=11679 adapters=871
 compilation: enabled

Compilation events (10 events):
Event: 86.470 Thread 0x0000000017b83000 14019       1       org.gradle.api.internal.project.DefaultProjectStateRegistry::access$300 (5 bytes)
Event: 86.470 Thread 0x0000000017b83000 nmethod 14019 0x0000000005089410 code [0x0000000005089560, 0x0000000005089650]
Event: 86.486 Thread 0x000000001633a000 nmethod 14015 0x00000000049fea10 code [0x00000000049fef00, 0x0000000004a007e8]
Event: 86.487 Thread 0x000000001633a000 14020       4       sun.nio.fs.WindowsDirectoryStream$WindowsDirectoryIterator::next (5 bytes)
Event: 86.489 Thread 0x000000001633a000 nmethod 14020 0x00000000049a8e50 code [0x00000000049a8fa0, 0x00000000049a91b8]
Event: 86.489 Thread 0x000000001633a000 14021  s    4       sun.nio.fs.WindowsDirectoryStream$WindowsDirectoryIterator::next (48 bytes)
Event: 86.491 Thread 0x000000001633a000 nmethod 14021 0x00000000049fcd10 code [0x00000000049fce60, 0x00000000049fd078]
Event: 86.501 Thread 0x000000001633a000 14022       4       java.util.Collections$1::next (25 bytes)
Event: 86.501 Thread 0x000000001633a000 nmethod 14022 0x0000000005093a50 code [0x0000000005093b80, 0x0000000005093c18]
Event: 86.506 Thread 0x000000001633a000 14023       4       org.gradle.internal.snapshot.impl.DirectorySnapshotter$PathVisitor::intern (14 bytes)

GC Heap History (10 events):
Event: 37.408 GC heap before
{Heap before GC invocations=17 (full 3):
 PSYoungGen      total 203776K, used 203751K [0x00000000e0000000, 0x00000000efd80000, 0x0000000100000000)
  eden space 184320K, 100% used [0x00000000e0000000,0x00000000eb400000,0x00000000eb400000)
  from space 19456K, 99% used [0x00000000eb400000,0x00000000ec6f9ce0,0x00000000ec700000)
  to   space 22528K, 0% used [0x00000000ee780000,0x00000000ee780000,0x00000000efd80000)
 ParOldGen       total 136192K, used 36695K [0x00000000a0000000, 0x00000000a8500000, 0x00000000e0000000)
  object space 136192K, 26% used [0x00000000a0000000,0x00000000a23d5f00,0x00000000a8500000)
 Metaspace       used 67304K, capacity 70070K, committed 70312K, reserved 1110016K
  class space    used 9148K, capacity 9777K, committed 9904K, reserved 1048576K
Event: 37.566 GC heap after
Heap after GC invocations=17 (full 3):
 PSYoungGen      total 223232K, used 22515K [0x00000000e0000000, 0x00000000f2800000, 0x0000000100000000)
  eden space 200704K, 0% used [0x00000000e0000000,0x00000000e0000000,0x00000000ec400000)
  from space 22528K, 99% used [0x00000000ee780000,0x00000000efd7cc10,0x00000000efd80000)
  to   space 36352K, 0% used [0x00000000ec400000,0x00000000ec400000,0x00000000ee780000)
 ParOldGen       total 136192K, used 65787K [0x00000000a0000000, 0x00000000a8500000, 0x00000000e0000000)
  object space 136192K, 48% used [0x00000000a0000000,0x00000000a403ee58,0x00000000a8500000)
 Metaspace       used 67304K, capacity 70070K, committed 70312K, reserved 1110016K
  class space    used 9148K, capacity 9777K, committed 9904K, reserved 1048576K
}
Event: 70.392 GC heap before
{Heap before GC invocations=18 (full 3):
 PSYoungGen      total 223232K, used 223219K [0x00000000e0000000, 0x00000000f2800000, 0x0000000100000000)
  eden space 200704K, 100% used [0x00000000e0000000,0x00000000ec400000,0x00000000ec400000)
  from space 22528K, 99% used [0x00000000ee780000,0x00000000efd7cc10,0x00000000efd80000)
  to   space 36352K, 0% used [0x00000000ec400000,0x00000000ec400000,0x00000000ee780000)
 ParOldGen       total 136192K, used 65787K [0x00000000a0000000, 0x00000000a8500000, 0x00000000e0000000)
  object space 136192K, 48% used [0x00000000a0000000,0x00000000a403ee58,0x00000000a8500000)
 Metaspace       used 72105K, capacity 75206K, committed 75304K, reserved 1114112K
  class space    used 9597K, capacity 10257K, committed 10288K, reserved 1048576K
Event: 70.473 GC heap after
Heap after GC invocations=18 (full 3):
 PSYoungGen      total 237056K, used 9448K [0x00000000e0000000, 0x00000000f3380000, 0x0000000100000000)
  eden space 200704K, 0% used [0x00000000e0000000,0x00000000e0000000,0x00000000ec400000)
  from space 36352K, 25% used [0x00000000ec400000,0x00000000ecd3a370,0x00000000ee780000)
  to   space 35328K, 0% used [0x00000000f1100000,0x00000000f1100000,0x00000000f3380000)
 ParOldGen       total 136192K, used 83277K [0x00000000a0000000, 0x00000000a8500000, 0x00000000e0000000)
  object space 136192K, 61% used [0x00000000a0000000,0x00000000a5153590,0x00000000a8500000)
 Metaspace       used 72105K, capacity 75206K, committed 75304K, reserved 1114112K
  class space    used 9597K, capacity 10257K, committed 10288K, reserved 1048576K
}
Event: 74.058 GC heap before
{Heap before GC invocations=19 (full 3):
 PSYoungGen      total 237056K, used 210152K [0x00000000e0000000, 0x00000000f3380000, 0x0000000100000000)
  eden space 200704K, 100% used [0x00000000e0000000,0x00000000ec400000,0x00000000ec400000)
  from space 36352K, 25% used [0x00000000ec400000,0x00000000ecd3a370,0x00000000ee780000)
  to   space 35328K, 0% used [0x00000000f1100000,0x00000000f1100000,0x00000000f3380000)
 ParOldGen       total 136192K, used 83277K [0x00000000a0000000, 0x00000000a8500000, 0x00000000e0000000)
  object space 136192K, 61% used [0x00000000a0000000,0x00000000a5153590,0x00000000a8500000)
 Metaspace       used 72800K, capacity 75910K, committed 76200K, reserved 1116160K
  class space    used 9616K, capacity 10301K, committed 10416K, reserved 1048576K
Event: 74.102 GC heap after
Heap after GC invocations=19 (full 3):
 PSYoungGen      total 277504K, used 22626K [0x00000000e0000000, 0x00000000f3380000, 0x0000000100000000)
  eden space 242176K, 0% used [0x00000000e0000000,0x00000000e0000000,0x00000000eec80000)
  from space 35328K, 64% used [0x00000000f1100000,0x00000000f2718858,0x00000000f3380000)
  to   space 36352K, 0% used [0x00000000eec80000,0x00000000eec80000,0x00000000f1000000)
 ParOldGen       total 136192K, used 83285K [0x00000000a0000000, 0x00000000a8500000, 0x00000000e0000000)
  object space 136192K, 61% used [0x00000000a0000000,0x00000000a5155590,0x00000000a8500000)
 Metaspace       used 72800K, capacity 75910K, committed 76200K, reserved 1116160K
  class space    used 9616K, capacity 10301K, committed 10416K, reserved 1048576K
}
Event: 78.078 GC heap before
{Heap before GC invocations=20 (full 3):
 PSYoungGen      total 277504K, used 264802K [0x00000000e0000000, 0x00000000f3380000, 0x0000000100000000)
  eden space 242176K, 100% used [0x00000000e0000000,0x00000000eec80000,0x00000000eec80000)
  from space 35328K, 64% used [0x00000000f1100000,0x00000000f2718858,0x00000000f3380000)
  to   space 36352K, 0% used [0x00000000eec80000,0x00000000eec80000,0x00000000f1000000)
 ParOldGen       total 136192K, used 83285K [0x00000000a0000000, 0x00000000a8500000, 0x00000000e0000000)
  object space 136192K, 61% used [0x00000000a0000000,0x00000000a51555f8,0x00000000a8500000)
 Metaspace       used 75957K, capacity 79166K, committed 79272K, reserved 1118208K
  class space    used 9886K, capacity 10599K, committed 10672K, reserved 1048576K
Event: 78.316 GC heap after
Heap after GC invocations=20 (full 3):
 PSYoungGen      total 278528K, used 36326K [0x00000000e0000000, 0x00000000f7c80000, 0x0000000100000000)
  eden space 242176K, 0% used [0x00000000e0000000,0x00000000e0000000,0x00000000eec80000)
  from space 36352K, 99% used [0x00000000eec80000,0x00000000f0ff9b20,0x00000000f1000000)
  to   space 51200K, 0% used [0x00000000f4a80000,0x00000000f4a80000,0x00000000f7c80000)
 ParOldGen       total 136192K, used 108305K [0x00000000a0000000, 0x00000000a8500000, 0x00000000e0000000)
  object space 136192K, 79% used [0x00000000a0000000,0x00000000a69c4630,0x00000000a8500000)
 Metaspace       used 75957K, capacity 79166K, committed 79272K, reserved 1118208K
  class space    used 9886K, capacity 10599K, committed 10672K, reserved 1048576K
}
Event: 82.306 GC heap before
{Heap before GC invocations=21 (full 4):
 PSYoungGen      total 278528K, used 278502K [0x00000000e0000000, 0x00000000f7c80000, 0x0000000100000000)
  eden space 242176K, 100% used [0x00000000e0000000,0x00000000eec80000,0x00000000eec80000)
  from space 36352K, 99% used [0x00000000eec80000,0x00000000f0ff9b20,0x00000000f1000000)
  to   space 51200K, 0% used [0x00000000f4a80000,0x00000000f4a80000,0x00000000f7c80000)
 ParOldGen       total 136192K, used 115321K [0x00000000a0000000, 0x00000000a8500000, 0x00000000e0000000)
  object space 136192K, 84% used [0x00000000a0000000,0x00000000a709e5e0,0x00000000a8500000)
 Metaspace       used 78344K, capacity 81534K, committed 81832K, reserved 1120256K
  class space    used 10133K, capacity 10829K, committed 10928K, reserved 1048576K
Event: 84.318 GC heap after
Heap after GC invocations=21 (full 4):
 PSYoungGen      total 278528K, used 0K [0x00000000e0000000, 0x00000000f7c80000, 0x0000000100000000)
  eden space 242176K, 0% used [0x00000000e0000000,0x00000000e0000000,0x00000000eec80000)
  from space 36352K, 0% used [0x00000000eec80000,0x00000000eec80000,0x00000000f1000000)
  to   space 51200K, 0% used [0x00000000f4a80000,0x00000000f4a80000,0x00000000f7c80000)
 ParOldGen       total 273408K, used 125234K [0x00000000a0000000, 0x00000000b0b00000, 0x00000000e0000000)
  object space 273408K, 45% used [0x00000000a0000000,0x00000000a7a4c970,0x00000000b0b00000)
 Metaspace       used 78218K, capacity 81182K, committed 81832K, reserved 1120256K
  class space    used 10094K, capacity 10759K, committed 10928K, reserved 1048576K
}

Deoptimization events (10 events):
Event: 86.044 Thread 0x000000001a029800 Uncommon trap: reason=class_check action=maybe_recompile pc=0x00000000050116dc method=com.google.gson.stream.JsonWriter.string(Ljava/lang/String;)V @ 23
Event: 86.044 Thread 0x000000001a029800 Uncommon trap: reason=class_check action=maybe_recompile pc=0x000000000501fd28 method=com.google.gson.stream.JsonWriter.beforeName()V @ 16
Event: 86.044 Thread 0x000000001a029800 Uncommon trap: reason=class_check action=maybe_recompile pc=0x000000000502e248 method=com.google.gson.stream.JsonWriter.beforeValue()V @ 111
Event: 86.044 Thread 0x000000001a029800 Uncommon trap: reason=class_check action=maybe_recompile pc=0x000000000502e248 method=com.google.gson.stream.JsonWriter.beforeValue()V @ 111
Event: 86.046 Thread 0x000000001a029800 Uncommon trap: reason=class_check action=maybe_recompile pc=0x0000000005032d18 method=com.google.gson.stream.JsonWriter.beforeName()V @ 16
Event: 86.046 Thread 0x000000001a029800 Uncommon trap: reason=class_check action=maybe_recompile pc=0x0000000005032d18 method=com.google.gson.stream.JsonWriter.beforeName()V @ 16
Event: 86.518 Thread 0x000000001a3c4000 Uncommon trap: reason=unstable_if action=reinterpret pc=0x00000000047feab0 method=java.nio.file.Files.walkFileTree(Ljava/nio/file/Path;Ljava/util/Set;ILjava/nio/file/FileVisitor;)Ljava/nio/file/Path; @ 69
Event: 86.522 Thread 0x000000001a3c4000 Uncommon trap: reason=bimorphic action=maybe_recompile pc=0x00000000033ba69c method=org.gradle.internal.snapshot.CompleteDirectorySnapshot.accept(Lorg/gradle/internal/snapshot/FileSystemSnapshotVisitor;)V @ 42
Event: 86.530 Thread 0x000000001a01f800 Uncommon trap: reason=unstable_if action=reinterpret pc=0x00000000047feab0 method=java.nio.file.Files.walkFileTree(Ljava/nio/file/Path;Ljava/util/Set;ILjava/nio/file/FileVisitor;)Ljava/nio/file/Path; @ 69
Event: 86.533 Thread 0x000000001a01f800 Uncommon trap: reason=bimorphic action=maybe_recompile pc=0x00000000033ba69c method=org.gradle.internal.snapshot.CompleteDirectorySnapshot.accept(Lorg/gradle/internal/snapshot/FileSystemSnapshotVisitor;)V @ 42

Classes redefined (0 events):
No events

Internal exceptions (10 events):
Event: 75.850 Thread 0x000000001a023800 Exception <a 'java/io/FileNotFoundException'> (0x00000000e8106200) thrown at [C:\src\AOSP-openjdk-git\hotspot\src\share\vm\prims\jni.cpp, line 710]
Event: 75.924 Thread 0x000000001a023800 Exception <a 'java/io/FileNotFoundException'> (0x00000000e81226e0) thrown at [C:\src\AOSP-openjdk-git\hotspot\src\share\vm\prims\jni.cpp, line 710]
Event: 76.620 Thread 0x000000001a3c2800 Implicit null exception at 0x00000000049ca999 to 0x00000000049cae15
Event: 76.620 Thread 0x000000001a3c2800 Implicit null exception at 0x00000000049d2d7c to 0x00000000049d328d
Event: 79.386 Thread 0x000000001a3c2800 Implicit null exception at 0x00000000041e02df to 0x00000000041e1d15
Event: 80.946 Thread 0x000000001a3c2800 Implicit null exception at 0x0000000002c5dc56 to 0x0000000002c5dff1
Event: 81.146 Thread 0x000000001a3c2800 Implicit null exception at 0x0000000002c33694 to 0x0000000002c33a59
Event: 84.522 Thread 0x000000001a3c2800 Implicit null exception at 0x0000000004df45fb to 0x0000000004df2e19
Event: 86.517 Thread 0x000000001a3c4000 Exception <a 'sun/nio/fs/WindowsException'> (0x00000000e71a1568) thrown at [C:\src\AOSP-openjdk-git\hotspot\src\share\vm\prims\jni.cpp, line 710]
Event: 86.529 Thread 0x000000001a01f800 Exception <a 'sun/nio/fs/WindowsException'> (0x00000000e7150f50) thrown at [C:\src\AOSP-openjdk-git\hotspot\src\share\vm\prims\jni.cpp, line 710]

Events (10 events):
Event: 86.530 Thread 0x000000001a01f800 DEOPT UNPACKING pc=0x0000000002a0557b sp=0x000000002482cfb0 mode 2
Event: 86.530 Executing VM operation: RevokeBias
Event: 86.531 Executing VM operation: RevokeBias done
Event: 86.533 Thread 0x000000001a01f800 Uncommon trap: trap_request=0xffffffc6 fr.pc=0x00000000033ba69c
Event: 86.533 Thread 0x000000001a01f800 DEOPT PACKING pc=0x00000000033ba69c sp=0x000000002482c310
Event: 86.534 Thread 0x000000001a01f800 DEOPT UNPACKING pc=0x0000000002a0557b sp=0x000000002482c2e0 mode 2
Event: 86.534 loading class org/gradle/internal/vfs/AdditiveCacheLocations
Event: 86.534 loading class org/gradle/internal/vfs/AdditiveCacheLocations done
Event: 86.536 loading class org/gradle/internal/vfs/impl/SnapshotHierarchy
Event: 86.536 loading class org/gradle/internal/vfs/impl/SnapshotHierarchy done


Dynamic libraries:
0x00007ff6640e0000 - 0x00007ff664111000 	C:\Program Files\Android\Android Studio\jre\bin\java.exe
0x00007ffd74c40000 - 0x00007ffd74e30000 	C:\Windows\SYSTEM32\ntdll.dll
0x00007ffd73f80000 - 0x00007ffd74032000 	C:\Windows\System32\KERNEL32.DLL
0x00007ffd729a0000 - 0x00007ffd72c45000 	C:\Windows\System32\KERNELBASE.dll
0x00007ffd72da0000 - 0x00007ffd72e43000 	C:\Windows\System32\ADVAPI32.dll
0x00007ffd73330000 - 0x00007ffd733ce000 	C:\Windows\System32\msvcrt.dll
0x00007ffd74960000 - 0x00007ffd749f7000 	C:\Windows\System32\sechost.dll
0x00007ffd73e60000 - 0x00007ffd73f80000 	C:\Windows\System32\RPCRT4.dll
0x00007ffd74790000 - 0x00007ffd74925000 	C:\Windows\System32\USER32.dll
0x00007ffd72560000 - 0x00007ffd72581000 	C:\Windows\System32\win32u.dll
0x00007ffd74930000 - 0x00007ffd74956000 	C:\Windows\System32\GDI32.dll
0x00007ffd72680000 - 0x00007ffd72816000 	C:\Windows\System32\gdi32full.dll
0x00007ffd725e0000 - 0x00007ffd7267e000 	C:\Windows\System32\msvcp_win.dll
0x00007ffd71c80000 - 0x00007ffd71d7a000 	C:\Windows\System32\ucrtbase.dll
0x00007ffd60880000 - 0x00007ffd60b04000 	C:\Windows\WinSxS\amd64_microsoft.windows.common-controls_6595b64144ccf1df_6.0.18362.1082_none_9e8193e1e45b25c1\COMCTL32.dll
0x00007ffd74380000 - 0x00007ffd746b5000 	C:\Windows\System32\combase.dll
0x00007ffd72c70000 - 0x00007ffd72cf0000 	C:\Windows\System32\bcryptPrimitives.dll
0x00007ffd74a00000 - 0x00007ffd74a2e000 	C:\Windows\System32\IMM32.DLL
0x0000000055800000 - 0x00000000558d2000 	C:\Program Files\Android\Android Studio\jre\jre\bin\msvcr100.dll
0x00000000558e0000 - 0x000000005612b000 	C:\Program Files\Android\Android Studio\jre\jre\bin\server\jvm.dll
0x00007ffd73550000 - 0x00007ffd73558000 	C:\Windows\System32\PSAPI.DLL
0x00007ffd6ddb0000 - 0x00007ffd6ddd4000 	C:\Windows\SYSTEM32\WINMM.dll
0x00007ffd3b290000 - 0x00007ffd3b299000 	C:\Windows\SYSTEM32\WSOCK32.dll
0x00007ffd6dd80000 - 0x00007ffd6ddad000 	C:\Windows\SYSTEM32\WINMMBASE.dll
0x00007ffd72590000 - 0x00007ffd725da000 	C:\Windows\System32\cfgmgr32.dll
0x00007ffd6ad50000 - 0x00007ffd6ad5a000 	C:\Windows\SYSTEM32\VERSION.dll
0x00007ffd732c0000 - 0x00007ffd7332f000 	C:\Windows\System32\WS2_32.dll
0x00007ffd6b060000 - 0x00007ffd6b06f000 	C:\Program Files\Android\Android Studio\jre\jre\bin\verify.dll
0x00007ffd64a00000 - 0x00007ffd64a29000 	C:\Program Files\Android\Android Studio\jre\jre\bin\java.dll
0x00007ffd65df0000 - 0x00007ffd65e06000 	C:\Program Files\Android\Android Studio\jre\jre\bin\zip.dll
0x00007ffd73560000 - 0x00007ffd73c47000 	C:\Windows\System32\SHELL32.dll
0x00007ffd734a0000 - 0x00007ffd73549000 	C:\Windows\System32\shcore.dll
0x00007ffd71d80000 - 0x00007ffd72500000 	C:\Windows\System32\windows.storage.dll
0x00007ffd71ba0000 - 0x00007ffd71bc3000 	C:\Windows\System32\profapi.dll
0x00007ffd71b30000 - 0x00007ffd71b7a000 	C:\Windows\System32\powrprof.dll
0x00007ffd71b00000 - 0x00007ffd71b10000 	C:\Windows\System32\UMPDC.dll
0x00007ffd73e00000 - 0x00007ffd73e52000 	C:\Windows\System32\shlwapi.dll
0x00007ffd71b80000 - 0x00007ffd71b91000 	C:\Windows\System32\kernel.appcore.dll
0x00007ffd72c50000 - 0x00007ffd72c67000 	C:\Windows\System32\cryptsp.dll
0x00007ffd607e0000 - 0x00007ffd607fa000 	C:\Program Files\Android\Android Studio\jre\jre\bin\net.dll
0x00007ffd71350000 - 0x00007ffd713b7000 	C:\Windows\system32\mswsock.dll
0x00007ffd60210000 - 0x00007ffd60223000 	C:\Program Files\Android\Android Studio\jre\jre\bin\nio.dll
0x00007ffd31cc0000 - 0x00007ffd31ce6000 	C:\Users\ASUS\.gradle\native\31\windows-amd64\native-platform.dll
0x00007ffd6af20000 - 0x00007ffd6af2d000 	C:\Program Files\Android\Android Studio\jre\jre\bin\management.dll
0x00007ffd70ec0000 - 0x00007ffd70ef3000 	C:\Windows\system32\rsaenh.dll
0x00007ffd72820000 - 0x00007ffd72846000 	C:\Windows\System32\bcrypt.dll
0x00007ffd71a20000 - 0x00007ffd71a45000 	C:\Windows\SYSTEM32\USERENV.dll
0x00007ffd71520000 - 0x00007ffd7152c000 	C:\Windows\SYSTEM32\CRYPTBASE.dll
0x00007ffd71060000 - 0x00007ffd7109a000 	C:\Windows\SYSTEM32\IPHLPAPI.DLL
0x00007ffd74bf0000 - 0x00007ffd74bf8000 	C:\Windows\System32\NSI.dll
0x00007ffd65cd0000 - 0x00007ffd65ce6000 	C:\Windows\SYSTEM32\dhcpcsvc6.DLL
0x00007ffd675b0000 - 0x00007ffd675cc000 	C:\Windows\SYSTEM32\dhcpcsvc.DLL
0x00007ffd710a0000 - 0x00007ffd7116b000 	C:\Windows\SYSTEM32\DNSAPI.dll
0x00007ffd5cd70000 - 0x00007ffd5cd94000 	C:\Program Files\Android\Android Studio\jre\jre\bin\sunec.dll
0x00007ffd69950000 - 0x00007ffd6995a000 	C:\Windows\System32\rasadhlp.dll
0x00007ffd61f90000 - 0x00007ffd62007000 	C:\Windows\System32\fwpuclnt.dll
0x00007ffd6d9c0000 - 0x00007ffd6d9cb000 	C:\Program Files\Android\Android Studio\jre\jre\bin\sunmscapi.dll
0x00007ffd72850000 - 0x00007ffd72999000 	C:\Windows\System32\CRYPT32.dll
0x00007ffd71b10000 - 0x00007ffd71b22000 	C:\Windows\System32\MSASN1.dll
0x00007ffd231b0000 - 0x00007ffd2334c000 	C:\Program Files\Android\Android Studio\jre\jre\bin\awt.dll
0x00007ffd746c0000 - 0x00007ffd74785000 	C:\Windows\System32\OLEAUT32.dll
0x00007ffd70280000 - 0x00007ffd702ad000 	C:\Windows\SYSTEM32\dwmapi.dll
0x00007ffd6df60000 - 0x00007ffd6e520000 	C:\Windows\SYSTEM32\d2d1.dll
0x00007ffd6f800000 - 0x00007ffd6f88f000 	C:\Windows\SYSTEM32\apphelp.dll
0x00007ffd6f940000 - 0x00007ffd6f9d9000 	C:\Windows\system32\uxtheme.dll

VM Arguments:
jvm_args: -Xmx1536m -Dfile.encoding=windows-1252 -Duser.country=US -Duser.language=en -Duser.variant 
java_command: org.gradle.launcher.daemon.bootstrap.GradleDaemon 6.1.1
java_class_path (initial): C:\Users\ASUS\.gradle\wrapper\dists\gradle-6.1.1-all\cfmwm155h49vnt3hynmlrsdst\gradle-6.1.1\lib\gradle-launcher-6.1.1.jar
Launcher Type: SUN_STANDARD

Environment Variables:
PATH=C:\Program Files\iis express\PHP\v7.2;C:\Windows\system32;C:\Windows;C:\Windows\System32\Wbem;C:\Windows\System32\WindowsPowerShell\v1.0\;C:\Windows\System32\OpenSSH\;C:\Program Files\Microsoft SQL Server\Client SDK\ODBC\170\Tools\Binn\;C:\Program Files (x86)\Microsoft SQL Server\150\Tools\Binn\;C:\Program Files\Microsoft SQL Server\150\Tools\Binn\;C:\Program Files\Microsoft SQL Server\150\DTS\Binn\;C:\Program Files (x86)\Microsoft SQL Server\150\DTS\Binn\;C:\Program Files\TortoiseSVN\bin;C:\Program Files\Intel\WiFi\bin\;C:\Program Files\Common Files\Intel\WirelessCommon\;C:\Program Files\Microsoft SQL Server\Client SDK\ODBC\130\Tools\Binn\;C:\Program Files (x86)\Microsoft SQL Server\140\Tools\Binn\;C:\Program Files\Microsoft SQL Server\140\Tools\Binn\;C:\Program Files\Microsoft SQL Server\140\DTS\Binn\;C:\Program Files\Microsoft SQL Server\Client SDK\ODBC\110\Tools\Binn\;C:\Program Files (x86)\Microsoft SQL Server\120\Tools\Binn\;C:\Program Files\Microsoft SQL Server\120\Tools\Binn\;C:\Program Files\Microsof;C:\Program Files (x86)\GtkSharp\2.12\bin;C:\Program Files\Git\cmd;C:\Users\ASUS\AppData\Local\Microsoft\WindowsApps;
USERNAME=ASUS
OS=Windows_NT
PROCESSOR_IDENTIFIER=Intel64 Family 6 Model 142 Stepping 9, GenuineIntel



---------------  S Y S T E M  ---------------

OS: Windows 10.0 , 64 bit Build 18362 (10.0.18362.1082)

CPU:total 4 (initial active 4) (2 cores per cpu, 2 threads per core) family 6 model 142 stepping 9, cmov, cx8, fxsr, mmx, sse, sse2, sse3, ssse3, sse4.1, sse4.2, popcnt, avx, avx2, aes, clmul, erms, 3dnowpref, lzcnt, ht, tsc, tscinvbit, bmi1, bmi2, adx

Memory: 4k page, physical 8266396k(125812k free), swap 15434396k(0k free)

vm_info: OpenJDK 64-Bit Server VM (25.242-b01) for windows-amd64 JRE (1.8.0_242-release-1644-b01), built by "builder" with MS VC++ 10.0 (VS2010)

time: Sat Sep 26 20:58:44 2020
timezone: Iran Standard Time
elapsed time: 86 seconds (0d 0h 1m 26s)

