#
# There is insufficient memory for the Java Runtime Environment to continue.
# Native memory allocation (malloc) failed to allocate 1598176 bytes for Chunk::new
# Possible reasons:
#   The system is out of physical RAM or swap space
#   The process is running with CompressedOops enabled, and the Java Heap may be blocking the growth of the native heap
# Possible solutions:
#   Reduce memory load on the system
#   Increase physical memory or swap space
#   Check if swap backing store is full
#   Decrease Java heap size (-Xmx/-Xms)
#   Decrease number of Java threads
#   Decrease Java thread stack sizes (-Xss)
#   Set larger code cache with -XX:ReservedCodeCacheSize=
#   JVM is running with Unscaled Compressed Oops mode in which the Java heap is
#     placed in the first 4GB address space. The Java Heap base address is the
#     maximum limit for the native heap growth. Please use -XX:HeapBaseMinAddress
#     to set the Java Heap base and to place the Java Heap above 4GB virtual address.
# This output file may be truncated or incomplete.
#
#  Out of Memory Error (allocation.cpp:389), pid=14976, tid=0x0000000000002e18
#
# JRE version: OpenJDK Runtime Environment (8.0_242-b01) (build 1.8.0_242-release-1644-b01)
# Java VM: OpenJDK 64-Bit Server VM (25.242-b01 mixed mode windows-amd64 compressed oops)
# Failed to write core dump. Minidumps are not enabled by default on client versions of Windows
#

---------------  T H R E A D  ---------------

Current thread (0x0000000016842000):  JavaThread "C2 CompilerThread0" daemon [_thread_in_native, id=11800, stack(0x0000000017eb0000,0x0000000017fb0000)]

Stack: [0x0000000017eb0000,0x0000000017fb0000]
[error occurred during error reporting (printing stack bounds), id 0xc0000005]

Native frames: (J=compiled Java code, j=interpreted, Vv=VM code, C=native code)


Current CompileTask:
C2:  66338 22431 %     4       com.android.tools.r8.ir.regalloc.a::a @ 2115 (3993 bytes)


---------------  P R O C E S S  ---------------

Java Threads: ( => current thread )
  0x000000001944b000 JavaThread "ForkJoinPool-2-worker-3" daemon [_thread_blocked, id=11168, stack(0x0000000029940000,0x0000000029a40000)]
  0x000000001944d000 JavaThread "ForkJoinPool-2-worker-2" daemon [_thread_blocked, id=11584, stack(0x0000000029840000,0x0000000029940000)]
  0x000000001944b800 JavaThread "ForkJoinPool-2-worker-1" daemon [_thread_blocked, id=6404, stack(0x0000000028c50000,0x0000000028d50000)]
  0x0000000019448800 JavaThread "ForkJoinPool.commonPool-worker-2" daemon [_thread_blocked, id=10968, stack(0x0000000028d50000,0x0000000028e50000)]
  0x000000001a460800 JavaThread "WorkerExecutor Queue Thread 5" [_thread_blocked, id=1868, stack(0x0000000028e60000,0x0000000028f60000)]
  0x000000001c930800 JavaThread "Cache worker for Java compile cache (F:\Project\PersianTask\.gradle\6.1.1\javaCompile)" [_thread_blocked, id=1452, stack(0x0000000026690000,0x0000000026790000)]
  0x000000001c92e000 JavaThread "Cache worker for Java compile cache (C:\Users\ASUS\.gradle\caches\6.1.1\javaCompile)" [_thread_blocked, id=16152, stack(0x0000000026590000,0x0000000026690000)]
  0x000000001c92f800 JavaThread "stdout" [_thread_in_native, id=5804, stack(0x0000000025e90000,0x0000000025f90000)]
  0x000000001c927000 JavaThread "stderr" [_thread_in_native, id=6696, stack(0x0000000025d90000,0x0000000025e90000)]
  0x000000001c92a800 JavaThread "stdout" [_thread_in_native, id=14548, stack(0x0000000025c90000,0x0000000025d90000)]
  0x000000001c92d800 JavaThread "stderr" [_thread_in_native, id=6012, stack(0x0000000025b90000,0x0000000025c90000)]
  0x000000001c92b000 JavaThread "stdout" [_thread_in_native, id=14540, stack(0x0000000025a90000,0x0000000025b90000)]
  0x000000001c922800 JavaThread "stderr" [_thread_in_native, id=7656, stack(0x0000000025990000,0x0000000025a90000)]
  0x000000001c926800 JavaThread "stdout" [_thread_in_native, id=5276, stack(0x0000000025890000,0x0000000025990000)]
  0x000000001c925800 JavaThread "stderr" [_thread_in_native, id=5008, stack(0x0000000025790000,0x0000000025890000)]
  0x000000001c922000 JavaThread "pool-3-thread-1" [_thread_blocked, id=14964, stack(0x0000000025690000,0x0000000025790000)]
  0x000000001c925000 JavaThread "MarlinRenderer Disposer" daemon [_thread_blocked, id=11940, stack(0x0000000025190000,0x0000000025290000)]
  0x000000001a46d800 JavaThread "Java2D Disposer" daemon [_thread_blocked, id=11848, stack(0x0000000024f50000,0x0000000025050000)]
  0x000000001a46d000 JavaThread "WorkerExecutor Queue Thread 4" [_thread_in_Java, id=2600, stack(0x0000000024d60000,0x0000000024e60000)]
  0x000000001a46b800 JavaThread "WorkerExecutor Queue Thread 3" [_thread_in_Java, id=1240, stack(0x0000000024a60000,0x0000000024b60000)]
  0x000000001a46a800 JavaThread "WorkerExecutor Queue Thread 2" [_thread_in_Java, id=11744, stack(0x0000000024960000,0x0000000024a60000)]
  0x000000001a461800 JavaThread "WorkerExecutor Queue" [_thread_in_Java, id=14992, stack(0x0000000024860000,0x0000000024960000)]
  0x000000001a466800 JavaThread "Cache worker for execution history cache (F:\Project\PersianTask\.gradle\6.1.1\executionHistory)" [_thread_blocked, id=1664, stack(0x0000000024560000,0x0000000024660000)]
  0x000000001a464800 JavaThread "Execution worker for ':' Thread 3" [_thread_blocked, id=14436, stack(0x0000000024460000,0x0000000024560000)]
  0x000000001a466000 JavaThread "Execution worker for ':' Thread 2" [_thread_blocked, id=11672, stack(0x0000000024360000,0x0000000024460000)]
  0x000000001a463000 JavaThread "Execution worker for ':'" [_thread_blocked, id=5404, stack(0x0000000024260000,0x0000000024360000)]
  0x0000000016864000 JavaThread "Cache worker for file content cache (F:\Project\PersianTask\.gradle\6.1.1\fileContent)" [_thread_blocked, id=13608, stack(0x0000000023d60000,0x0000000023e60000)]
  0x0000000016863800 JavaThread "Cache worker for file content cache (C:\Users\ASUS\.gradle\caches\6.1.1\fileContent)" [_thread_blocked, id=2896, stack(0x0000000023a60000,0x0000000023b60000)]
  0x0000000016862000 JavaThread "Memory manager" [_thread_blocked, id=13140, stack(0x0000000023330000,0x0000000023430000)]
  0x000000001cfa7000 JavaThread "Cache worker for Build Output Cleanup Cache (F:\Project\PersianTask\.gradle\buildOutputCleanup)" [_thread_blocked, id=10300, stack(0x0000000022c30000,0x0000000022d30000)]
  0x000000001cfa6000 JavaThread "Build operations Thread 4" [_thread_blocked, id=7896, stack(0x0000000022530000,0x0000000022630000)]
  0x000000001cf9e800 JavaThread "Build operations Thread 3" [_thread_blocked, id=14228, stack(0x00000000221e0000,0x00000000222e0000)]
  0x000000001cfa4800 JavaThread "Build operations Thread 2" [_thread_blocked, id=10708, stack(0x00000000220e0000,0x00000000221e0000)]
  0x000000001cfa5800 JavaThread "Build operations" [_thread_blocked, id=11488, stack(0x0000000021fe0000,0x00000000220e0000)]
  0x000000001cfa4000 JavaThread "Cache worker for cache directory md-rule (C:\Users\ASUS\.gradle\caches\6.1.1\md-rule)" [_thread_blocked, id=6612, stack(0x00000000208f0000,0x00000000209f0000)]
  0x000000001cfa2800 JavaThread "Cache worker for cache directory md-supplier (C:\Users\ASUS\.gradle\caches\6.1.1\md-supplier)" [_thread_blocked, id=15800, stack(0x000000001f000000,0x000000001f100000)]
  0x000000001cf9c800 JavaThread "Cache worker for file hash cache (F:\Project\PersianTask\.gradle\6.1.1\fileHashes)" [_thread_blocked, id=14584, stack(0x000000001ef00000,0x000000001f000000)]
  0x000000001cfa3000 JavaThread "Cache worker for checksums cache (F:\Project\PersianTask\.gradle\checksums)" [_thread_blocked, id=15064, stack(0x000000001eb70000,0x000000001ec70000)]
  0x000000001cfa0000 JavaThread "Thread-30" [_thread_blocked, id=1012, stack(0x000000001ea70000,0x000000001eb70000)]
  0x000000001cf9b000 JavaThread "Stdin handler" [_thread_blocked, id=15044, stack(0x000000001e970000,0x000000001ea70000)]
  0x000000001cfa1800 JavaThread "Asynchronous log dispatcher for DefaultDaemonConnection: socket connection from /127.0.0.1:63324 to /127.0.0.1:63333" [_thread_blocked, id=11196, stack(0x000000001c0d0000,0x000000001c1d0000)]
  0x000000001cf9a000 JavaThread "Cancel handler" [_thread_blocked, id=3788, stack(0x000000001bcd0000,0x000000001bdd0000)]
  0x000000001cfa1000 JavaThread "Handler for socket connection from /127.0.0.1:63324 to /127.0.0.1:63333" [_thread_in_native, id=4696, stack(0x000000001b9d0000,0x000000001bad0000)]
  0x0000000016860800 JavaThread "Cache worker for execution history cache (C:\Users\ASUS\.gradle\caches\6.1.1\executionHistory)" [_thread_blocked, id=5364, stack(0x0000000020140000,0x0000000020240000)]
  0x000000001685d800 JavaThread "Cache worker for file hash cache (C:\Users\ASUS\.gradle\caches\6.1.1\fileHashes)" [_thread_blocked, id=10064, stack(0x000000001c5d0000,0x000000001c6d0000)]
  0x0000000016861000 JavaThread "File lock request listener" [_thread_in_native, id=13120, stack(0x000000001c4d0000,0x000000001c5d0000)]
  0x0000000019225000 JavaThread "Cache worker for journal cache (C:\Users\ASUS\.gradle\caches\journal-1)" [_thread_blocked, id=3600, stack(0x000000001c3d0000,0x000000001c4d0000)]
  0x000000001a2b1000 JavaThread "Daemon worker" [_thread_blocked, id=7796, stack(0x000000001bdd0000,0x000000001bed0000)]
  0x000000001a249800 JavaThread "Daemon" [_thread_blocked, id=9824, stack(0x000000001b8d0000,0x000000001b9d0000)]
  0x000000001a248000 JavaThread "Daemon periodic checks" [_thread_blocked, id=3144, stack(0x000000001b7d0000,0x000000001b8d0000)]
  0x000000001a1dd000 JavaThread "Incoming local TCP Connector on port 63324" [_thread_in_native, id=1876, stack(0x000000001b590000,0x000000001b690000)]
  0x000000001883c800 JavaThread "Daemon health stats" [_thread_blocked, id=12120, stack(0x000000001af50000,0x000000001b050000)]
  0x000000001689d000 JavaThread "Service Thread" daemon [_thread_blocked, id=8020, stack(0x00000000185b0000,0x00000000186b0000)]
  0x0000000016862800 JavaThread "C1 CompilerThread2" daemon [_thread_blocked, id=7800, stack(0x00000000180b0000,0x00000000181b0000)]
  0x000000001684c000 JavaThread "C2 CompilerThread1" daemon [_thread_in_native, id=16348, stack(0x0000000017fb0000,0x00000000180b0000)]
=>0x0000000016842000 JavaThread "C2 CompilerThread0" daemon [_thread_in_native, id=11800, stack(0x0000000017eb0000,0x0000000017fb0000)]
  0x0000000016841000 JavaThread "Attach Listener" daemon [_thread_blocked, id=16008, stack(0x0000000017db0000,0x0000000017eb0000)]
  0x0000000016845800 JavaThread "Signal Dispatcher" daemon [_thread_blocked, id=15416, stack(0x0000000017cb0000,0x0000000017db0000)]
  0x0000000016829000 JavaThread "Finalizer" daemon [_thread_blocked, id=9740, stack(0x0000000017aa0000,0x0000000017ba0000)]
  0x0000000002e92000 JavaThread "Reference Handler" daemon [_thread_blocked, id=15312, stack(0x00000000179a0000,0x0000000017aa0000)]
  0x0000000002c4e000 JavaThread "main" [_thread_blocked, id=4520, stack(0x0000000002c80000,0x0000000002d80000)]

Other Threads:
  0x0000000016805800 VMThread [stack: 0x00000000178a0000,0x00000000179a0000] [id=7536]
  0x000000001689e000 WatcherThread [stack: 0x00000000186b0000,0x00000000187b0000] [id=9612]

VM state:not at safepoint (normal execution)

VM Mutex/Monitor currently owned by a thread: None

heap address: 0x00000000a0000000, size: 1536 MB, Compressed Oops mode: 32-bit
Narrow klass base: 0x0000000000000000, Narrow klass shift: 3
Compressed class space size: 1073741824 Address: 0x0000000100000000

Heap:
 PSYoungGen      total 388096K, used 279252K [0x00000000e0000000, 0x0000000100000000, 0x0000000100000000)
  eden space 277504K, 73% used [0x00000000e0000000,0x00000000ec74e030,0x00000000f0f00000)
  from space 110592K, 67% used [0x00000000f9400000,0x00000000fdd67040,0x0000000100000000)
  to   space 123392K, 0% used [0x00000000f0f00000,0x00000000f0f00000,0x00000000f8780000)
 ParOldGen       total 399872K, used 181132K [0x00000000a0000000, 0x00000000b8680000, 0x00000000e0000000)
  object space 399872K, 45% used [0x00000000a0000000,0x00000000ab0e3090,0x00000000b8680000)
 Metaspace       used 112798K, capacity 116914K, committed 117208K, reserved 1150976K
  class space    used 14174K, capacity 15055K, committed 15104K, reserved 1048576K

Card table byte_map: [0x0000000012270000,0x0000000012580000] byte_map_base: 0x0000000011d70000

Marking Bits: (ParMarkBitMap*) 0x0000000075aff030
 Begin Bits: [0x0000000012b80000, 0x0000000014380000)
 End Bits:   [0x0000000014380000, 0x0000000015b80000)

Polling page: 0x0000000002d80000

CodeCache: size=245760Kb used=65880Kb max_used=65880Kb free=179879Kb
 bounds [0x0000000002eb0000, 0x0000000006f50000, 0x0000000011eb0000]
 total_blobs=19595 nmethods=18582 adapters=922
 compilation: enabled

Compilation events (10 events):
Event: 66.318 Thread 0x0000000016862800 23095       2       com.android.build.gradle.internal.matcher.FileNameWithPrefixPathMatcher::matches (37 bytes)
Event: 66.318 Thread 0x0000000016862800 nmethod 23095 0x0000000006f48b90 code [0x0000000006f48d00, 0x0000000006f48f08]
Event: 66.321 Thread 0x0000000016862800 23096       2       com.android.tools.r8.code.e0::a (1 bytes)
Event: 66.322 Thread 0x0000000016862800 nmethod 23096 0x0000000006f49010 code [0x0000000006f49160, 0x0000000006f492b0]
Event: 66.325 Thread 0x0000000016862800 23098       2       com.android.tools.r8.code.i::a (1 bytes)
Event: 66.325 Thread 0x0000000016862800 nmethod 23098 0x0000000006f49350 code [0x0000000006f494a0, 0x0000000006f495f0]
Event: 66.331 Thread 0x0000000016862800 23099 %     3       com.android.tools.r8.u.b.W::d @ 12 (55 bytes)
Event: 66.333 Thread 0x0000000016862800 nmethod 23099% 0x0000000006f49690 code [0x0000000006f49920, 0x0000000006f4aa58]
Event: 66.334 Thread 0x0000000016862800 23100       2       com.android.tools.r8.u.b.T0::Q0 (25 bytes)
Event: 66.334 Thread 0x0000000016862800 nmethod 23100 0x0000000006f4b390 code [0x0000000006f4b4e0, 0x0000000006f4b670]

GC Heap History (10 events):
Event: 49.688 GC heap before
{Heap before GC invocations=25 (full 4):
 PSYoungGen      total 330240K, used 291840K [0x00000000e0000000, 0x00000000f8d80000, 0x0000000100000000)
  eden space 291840K, 100% used [0x00000000e0000000,0x00000000f1d00000,0x00000000f1d00000)
  from space 38400K, 0% used [0x00000000f4e00000,0x00000000f4e00000,0x00000000f7380000)
  to   space 50176K, 0% used [0x00000000f1d00000,0x00000000f1d00000,0x00000000f4e00000)
 ParOldGen       total 260608K, used 98599K [0x00000000a0000000, 0x00000000afe80000, 0x00000000e0000000)
  object space 260608K, 37% used [0x00000000a0000000,0x00000000a6049f90,0x00000000afe80000)
 Metaspace       used 99974K, capacity 103226K, committed 103512K, reserved 1138688K
  class space    used 12632K, capacity 13375K, committed 13440K, reserved 1048576K
Event: 49.814 GC heap after
Heap after GC invocations=25 (full 4):
 PSYoungGen      total 342016K, used 50158K [0x00000000e0000000, 0x00000000fdd00000, 0x0000000100000000)
  eden space 291840K, 0% used [0x00000000e0000000,0x00000000e0000000,0x00000000f1d00000)
  from space 50176K, 99% used [0x00000000f1d00000,0x00000000f4dfb880,0x00000000f4e00000)
  to   space 74752K, 0% used [0x00000000f9400000,0x00000000f9400000,0x00000000fdd00000)
 ParOldGen       total 260608K, used 142210K [0x00000000a0000000, 0x00000000afe80000, 0x00000000e0000000)
  object space 260608K, 54% used [0x00000000a0000000,0x00000000a8ae08a0,0x00000000afe80000)
 Metaspace       used 99974K, capacity 103226K, committed 103512K, reserved 1138688K
  class space    used 12632K, capacity 13375K, committed 13440K, reserved 1048576K
}
Event: 55.886 GC heap before
{Heap before GC invocations=26 (full 4):
 PSYoungGen      total 342016K, used 341998K [0x00000000e0000000, 0x00000000fdd00000, 0x0000000100000000)
  eden space 291840K, 100% used [0x00000000e0000000,0x00000000f1d00000,0x00000000f1d00000)
  from space 50176K, 99% used [0x00000000f1d00000,0x00000000f4dfb880,0x00000000f4e00000)
  to   space 74752K, 0% used [0x00000000f9400000,0x00000000f9400000,0x00000000fdd00000)
 ParOldGen       total 260608K, used 142210K [0x00000000a0000000, 0x00000000afe80000, 0x00000000e0000000)
  object space 260608K, 54% used [0x00000000a0000000,0x00000000a8ae08a0,0x00000000afe80000)
 Metaspace       used 102445K, capacity 105840K, committed 106072K, reserved 1142784K
  class space    used 12857K, capacity 13642K, committed 13696K, reserved 1048576K
Event: 55.998 GC heap after
Heap after GC invocations=26 (full 4):
 PSYoungGen      total 409088K, used 53913K [0x00000000e0000000, 0x00000000fe600000, 0x0000000100000000)
  eden space 334336K, 0% used [0x00000000e0000000,0x00000000e0000000,0x00000000f4680000)
  from space 74752K, 72% used [0x00000000f9400000,0x00000000fc8a6410,0x00000000fdd00000)
  to   space 79360K, 0% used [0x00000000f4680000,0x00000000f4680000,0x00000000f9400000)
 ParOldGen       total 260608K, used 142218K [0x00000000a0000000, 0x00000000afe80000, 0x00000000e0000000)
  object space 260608K, 54% used [0x00000000a0000000,0x00000000a8ae28a0,0x00000000afe80000)
 Metaspace       used 102445K, capacity 105840K, committed 106072K, reserved 1142784K
  class space    used 12857K, capacity 13642K, committed 13696K, reserved 1048576K
}
Event: 59.394 GC heap before
{Heap before GC invocations=27 (full 4):
 PSYoungGen      total 409088K, used 388249K [0x00000000e0000000, 0x00000000fe600000, 0x0000000100000000)
  eden space 334336K, 100% used [0x00000000e0000000,0x00000000f4680000,0x00000000f4680000)
  from space 74752K, 72% used [0x00000000f9400000,0x00000000fc8a6410,0x00000000fdd00000)
  to   space 79360K, 0% used [0x00000000f4680000,0x00000000f4680000,0x00000000f9400000)
 ParOldGen       total 260608K, used 142218K [0x00000000a0000000, 0x00000000afe80000, 0x00000000e0000000)
  object space 260608K, 54% used [0x00000000a0000000,0x00000000a8ae28a0,0x00000000afe80000)
 Metaspace       used 111006K, capacity 115040K, committed 115160K, reserved 1148928K
  class space    used 14107K, capacity 15026K, committed 15104K, reserved 1048576K
Event: 60.129 GC heap after
Heap after GC invocations=27 (full 4):
 PSYoungGen      total 413696K, used 79336K [0x00000000e0000000, 0x0000000100000000, 0x0000000100000000)
  eden space 334336K, 0% used [0x00000000e0000000,0x00000000e0000000,0x00000000f4680000)
  from space 79360K, 99% used [0x00000000f4680000,0x00000000f93fa118,0x00000000f9400000)
  to   space 110592K, 0% used [0x00000000f9400000,0x00000000f9400000,0x0000000100000000)
 ParOldGen       total 260608K, used 212750K [0x00000000a0000000, 0x00000000afe80000, 0x00000000e0000000)
  object space 260608K, 81% used [0x00000000a0000000,0x00000000acfc3b30,0x00000000afe80000)
 Metaspace       used 111006K, capacity 115040K, committed 115160K, reserved 1148928K
  class space    used 14107K, capacity 15026K, committed 15104K, reserved 1048576K
}
Event: 60.130 GC heap before
{Heap before GC invocations=28 (full 5):
 PSYoungGen      total 413696K, used 79336K [0x00000000e0000000, 0x0000000100000000, 0x0000000100000000)
  eden space 334336K, 0% used [0x00000000e0000000,0x00000000e0000000,0x00000000f4680000)
  from space 79360K, 99% used [0x00000000f4680000,0x00000000f93fa118,0x00000000f9400000)
  to   space 110592K, 0% used [0x00000000f9400000,0x00000000f9400000,0x0000000100000000)
 ParOldGen       total 260608K, used 212750K [0x00000000a0000000, 0x00000000afe80000, 0x00000000e0000000)
  object space 260608K, 81% used [0x00000000a0000000,0x00000000acfc3b30,0x00000000afe80000)
 Metaspace       used 111006K, capacity 115040K, committed 115160K, reserved 1148928K
  class space    used 14107K, capacity 15026K, committed 15104K, reserved 1048576K
Event: 62.072 GC heap after
Heap after GC invocations=28 (full 5):
 PSYoungGen      total 413696K, used 0K [0x00000000e0000000, 0x0000000100000000, 0x0000000100000000)
  eden space 334336K, 0% used [0x00000000e0000000,0x00000000e0000000,0x00000000f4680000)
  from space 79360K, 0% used [0x00000000f4680000,0x00000000f4680000,0x00000000f9400000)
  to   space 110592K, 0% used [0x00000000f9400000,0x00000000f9400000,0x0000000100000000)
 ParOldGen       total 399872K, used 181124K [0x00000000a0000000, 0x00000000b8680000, 0x00000000e0000000)
  object space 399872K, 45% used [0x00000000a0000000,0x00000000ab0e1090,0x00000000b8680000)
 Metaspace       used 110924K, capacity 114850K, committed 115160K, reserved 1148928K
  class space    used 14077K, capacity 14971K, committed 15104K, reserved 1048576K
}
Event: 64.973 GC heap before
{Heap before GC invocations=29 (full 5):
 PSYoungGen      total 413696K, used 334336K [0x00000000e0000000, 0x0000000100000000, 0x0000000100000000)
  eden space 334336K, 100% used [0x00000000e0000000,0x00000000f4680000,0x00000000f4680000)
  from space 79360K, 0% used [0x00000000f4680000,0x00000000f4680000,0x00000000f9400000)
  to   space 110592K, 0% used [0x00000000f9400000,0x00000000f9400000,0x0000000100000000)
 ParOldGen       total 399872K, used 181124K [0x00000000a0000000, 0x00000000b8680000, 0x00000000e0000000)
  object space 399872K, 45% used [0x00000000a0000000,0x00000000ab0e1090,0x00000000b8680000)
 Metaspace       used 112492K, capacity 116510K, committed 116696K, reserved 1150976K
  class space    used 14142K, capacity 15033K, committed 15104K, reserved 1048576K
Event: 65.086 GC heap after
Heap after GC invocations=29 (full 5):
 PSYoungGen      total 388096K, used 75164K [0x00000000e0000000, 0x0000000100000000, 0x0000000100000000)
  eden space 277504K, 0% used [0x00000000e0000000,0x00000000e0000000,0x00000000f0f00000)
  from space 110592K, 67% used [0x00000000f9400000,0x00000000fdd67040,0x0000000100000000)
  to   space 123392K, 0% used [0x00000000f0f00000,0x00000000f0f00000,0x00000000f8780000)
 ParOldGen       total 399872K, used 181132K [0x00000000a0000000, 0x00000000b8680000, 0x00000000e0000000)
  object space 399872K, 45% used [0x00000000a0000000,0x00000000ab0e3090,0x00000000b8680000)
 Metaspace       used 112492K, capacity 116510K, committed 116696K, reserved 1150976K
  class space    used 14142K, capacity 15033K, committed 15104K, reserved 1048576K
}

Deoptimization events (10 events):
Event: 66.284 Thread 0x000000001a46a800 Uncommon trap: reason=bimorphic action=maybe_recompile pc=0x000000000472dd30 method=java.util.function.Predicate.lambda$and$0(Ljava/util/function/Predicate;Ljava/lang/Object;)Z @ 2
Event: 66.284 Thread 0x000000001a46a800 Uncommon trap: reason=bimorphic action=maybe_recompile pc=0x000000000472dd30 method=java.util.function.Predicate.lambda$and$0(Ljava/util/function/Predicate;Ljava/lang/Object;)Z @ 2
Event: 66.284 Thread 0x000000001a46a800 Uncommon trap: reason=bimorphic action=maybe_recompile pc=0x000000000472dd30 method=java.util.function.Predicate.lambda$and$0(Ljava/util/function/Predicate;Ljava/lang/Object;)Z @ 2
Event: 66.284 Thread 0x000000001a46a800 Uncommon trap: reason=bimorphic action=maybe_recompile pc=0x000000000472dd30 method=java.util.function.Predicate.lambda$and$0(Ljava/util/function/Predicate;Ljava/lang/Object;)Z @ 2
Event: 66.286 Thread 0x000000001a46a800 Uncommon trap: reason=unstable_if action=reinterpret pc=0x000000000496d5c0 method=sun.nio.fs.WindowsPathParser.parse(Ljava/lang/String;Z)Lsun/nio/fs/WindowsPathParser$Result; @ 45
Event: 66.291 Thread 0x000000001a46a800 Uncommon trap: reason=unstable_if action=reinterpret pc=0x000000000303b418 method=java.util.regex.Pattern$SliceU.match(Ljava/util/regex/Matcher;ILjava/lang/CharSequence;)Z @ 74
Event: 66.291 Thread 0x000000001a46a800 Uncommon trap: reason=unstable_if action=reinterpret pc=0x000000000538fc04 method=sun.nio.fs.WindowsPath.getFileName()Ljava/nio/file/Path; @ 45
Event: 66.294 Thread 0x000000001a46a800 Uncommon trap: reason=unstable_if action=reinterpret pc=0x000000000562e8a0 method=java.lang.String.indexOf([CII[CIII)I @ 27
Event: 66.295 Thread 0x000000001a46a800 Uncommon trap: reason=unstable_if action=reinterpret pc=0x0000000003b97b80 method=java.lang.String.indexOf([CII[CIII)I @ 27
Event: 66.297 Thread 0x000000001a46a800 Uncommon trap: reason=unstable_if action=reinterpret pc=0x000000000324c6b0 method=java.lang.String.indexOf([CII[CIII)I @ 27

Classes redefined (0 events):
No events

Internal exceptions (10 events):
Event: 56.524 Thread 0x000000001a466000 Exception <a 'java/lang/NoSuchMethodError': <clinit>> (0x00000000e05dab68) thrown at [C:\src\AOSP-openjdk-git\hotspot\src\share\vm\prims\jni.cpp, line 1615]
Event: 56.868 Thread 0x000000001a2b1000 Exception <a 'sun/nio/fs/WindowsException'> (0x00000000e3b68a10) thrown at [C:\src\AOSP-openjdk-git\hotspot\src\share\vm\prims\jni.cpp, line 710]
Event: 56.986 Thread 0x000000001a2b1000 Exception <a 'java/lang/NoSuchMethodError': <clinit>> (0x00000000e4d845c0) thrown at [C:\src\AOSP-openjdk-git\hotspot\src\share\vm\prims\jni.cpp, line 1615]
Event: 57.137 Thread 0x000000001a46d000 Exception <a 'sun/nio/fs/WindowsException'> (0x00000000e5a3f858) thrown at [C:\src\AOSP-openjdk-git\hotspot\src\share\vm\prims\jni.cpp, line 710]
Event: 57.182 Thread 0x000000001a46b800 Exception <a 'sun/nio/fs/WindowsException'> (0x00000000e5eb7e40) thrown at [C:\src\AOSP-openjdk-git\hotspot\src\share\vm\prims\jni.cpp, line 710]
Event: 57.209 Thread 0x000000001a461800 Exception <a 'sun/nio/fs/WindowsException'> (0x00000000e5f62ca8) thrown at [C:\src\AOSP-openjdk-git\hotspot\src\share\vm\prims\jni.cpp, line 710]
Event: 58.241 Thread 0x000000001a46d000 Exception <a 'java/lang/NoSuchMethodError': java.lang.Object.lambda$maxBy$1(Ljava/util/Comparator;Ljava/lang/Object;Ljava/lang/Object;)Ljava/lang/Object;> (0x00000000ee2dcda8) thrown at [C:\src\AOSP-openjdk-git\hotspot\src\share\vm\interpreter\linkResolve
Event: 58.241 Thread 0x000000001a46b800 Exception <a 'java/lang/NoSuchMethodError': java.lang.Object.lambda$maxBy$1(Ljava/util/Comparator;Ljava/lang/Object;Ljava/lang/Object;)Ljava/lang/Object;> (0x00000000ee0dcbc0) thrown at [C:\src\AOSP-openjdk-git\hotspot\src\share\vm\interpreter\linkResolve
Event: 58.867 Thread 0x000000001944b800 Implicit null exception at 0x000000000384f8ef to 0x000000000384f9e1
Event: 63.843 Thread 0x000000001a461800 Implicit null exception at 0x0000000005e605f4 to 0x0000000005e608e6

Events (10 events):
Event: 66.291 Thread 0x000000001a46a800 DEOPT UNPACKING pc=0x0000000002ef557b sp=0x0000000024a5d3a0 mode 2
Event: 66.294 Thread 0x000000001a46a800 Uncommon trap: trap_request=0xffffff65 fr.pc=0x000000000562e8a0
Event: 66.294 Thread 0x000000001a46a800 DEOPT PACKING pc=0x000000000562e8a0 sp=0x0000000024a5d310
Event: 66.295 Thread 0x000000001a46a800 DEOPT UNPACKING pc=0x0000000002ef557b sp=0x0000000024a5d178 mode 2
Event: 66.295 Thread 0x000000001a46a800 Uncommon trap: trap_request=0xffffff65 fr.pc=0x0000000003b97b80
Event: 66.295 Thread 0x000000001a46a800 DEOPT PACKING pc=0x0000000003b97b80 sp=0x0000000024a5d260
Event: 66.295 Thread 0x000000001a46a800 DEOPT UNPACKING pc=0x0000000002ef557b sp=0x0000000024a5d160 mode 2
Event: 66.297 Thread 0x000000001a46a800 Uncommon trap: trap_request=0xffffff65 fr.pc=0x000000000324c6b0
Event: 66.297 Thread 0x000000001a46a800 DEOPT PACKING pc=0x000000000324c6b0 sp=0x0000000024a5d240
Event: 66.297 Thread 0x000000001a46a800 DEOPT UNPACKING pc=0x0000000002ef557b sp=0x0000000024a5d1a0 mode 2


Dynamic libraries:
0x00007ff63efc0000 - 0x00007ff63eff1000 	C:\Program Files\Android\Android Studio\jre\bin\java.exe
0x00007ffdf4140000 - 0x00007ffdf4330000 	C:\Windows\SYSTEM32\ntdll.dll
0x00007ffdf3da0000 - 0x00007ffdf3e52000 	C:\Windows\System32\KERNEL32.DLL
0x00007ffdf1ec0000 - 0x00007ffdf2165000 	C:\Windows\System32\KERNELBASE.dll
0x00007ffdf3ed0000 - 0x00007ffdf3f73000 	C:\Windows\System32\ADVAPI32.dll
0x00007ffdf2380000 - 0x00007ffdf241e000 	C:\Windows\System32\msvcrt.dll
0x00007ffdf2200000 - 0x00007ffdf2297000 	C:\Windows\System32\sechost.dll
0x00007ffdf3820000 - 0x00007ffdf3940000 	C:\Windows\System32\RPCRT4.dll
0x00007ffdf2780000 - 0x00007ffdf2915000 	C:\Windows\System32\USER32.dll
0x00007ffdf15f0000 - 0x00007ffdf1611000 	C:\Windows\System32\win32u.dll
0x00007ffdf26d0000 - 0x00007ffdf26f6000 	C:\Windows\System32\GDI32.dll
0x00007ffdf12d0000 - 0x00007ffdf1466000 	C:\Windows\System32\gdi32full.dll
0x00007ffdf1e20000 - 0x00007ffdf1ebe000 	C:\Windows\System32\msvcp_win.dll
0x00007ffdf10d0000 - 0x00007ffdf11ca000 	C:\Windows\System32\ucrtbase.dll
0x00007ffddfc20000 - 0x00007ffddfea4000 	C:\Windows\WinSxS\amd64_microsoft.windows.common-controls_6595b64144ccf1df_6.0.18362.1082_none_9e8193e1e45b25c1\COMCTL32.dll
0x00007ffdf34e0000 - 0x00007ffdf3815000 	C:\Windows\System32\combase.dll
0x00007ffdf1620000 - 0x00007ffdf16a0000 	C:\Windows\System32\bcryptPrimitives.dll
0x00007ffdf2350000 - 0x00007ffdf237e000 	C:\Windows\System32\IMM32.DLL
0x0000000076300000 - 0x00000000763d2000 	C:\Program Files\Android\Android Studio\jre\jre\bin\msvcr100.dll
0x0000000075330000 - 0x0000000075b7b000 	C:\Program Files\Android\Android Studio\jre\jre\bin\server\jvm.dll
0x00007ffdf21f0000 - 0x00007ffdf21f8000 	C:\Windows\System32\PSAPI.DLL
0x00007ffdecde0000 - 0x00007ffdece04000 	C:\Windows\SYSTEM32\WINMM.dll
0x00007ffde9250000 - 0x00007ffde925a000 	C:\Windows\SYSTEM32\VERSION.dll
0x00007ffdbfa40000 - 0x00007ffdbfa49000 	C:\Windows\SYSTEM32\WSOCK32.dll
0x00007ffdf3e60000 - 0x00007ffdf3ecf000 	C:\Windows\System32\WS2_32.dll
0x00007ffdecaf0000 - 0x00007ffdecb1d000 	C:\Windows\SYSTEM32\WINMMBASE.dll
0x00007ffdf11d0000 - 0x00007ffdf121a000 	C:\Windows\System32\cfgmgr32.dll
0x00007ffdec440000 - 0x00007ffdec44f000 	C:\Program Files\Android\Android Studio\jre\jre\bin\verify.dll
0x00007ffdeb4b0000 - 0x00007ffdeb4d9000 	C:\Program Files\Android\Android Studio\jre\jre\bin\java.dll
0x00007ffdeb230000 - 0x00007ffdeb246000 	C:\Program Files\Android\Android Studio\jre\jre\bin\zip.dll
0x00007ffdf2980000 - 0x00007ffdf3067000 	C:\Windows\System32\SHELL32.dll
0x00007ffdf3f80000 - 0x00007ffdf4029000 	C:\Windows\System32\shcore.dll
0x00007ffdf16a0000 - 0x00007ffdf1e20000 	C:\Windows\System32\windows.storage.dll
0x00007ffdf10a0000 - 0x00007ffdf10c3000 	C:\Windows\System32\profapi.dll
0x00007ffdf1030000 - 0x00007ffdf107a000 	C:\Windows\System32\powrprof.dll
0x00007ffdf1000000 - 0x00007ffdf1010000 	C:\Windows\System32\UMPDC.dll
0x00007ffdf3b80000 - 0x00007ffdf3bd2000 	C:\Windows\System32\shlwapi.dll
0x00007ffdf1010000 - 0x00007ffdf1021000 	C:\Windows\System32\kernel.appcore.dll
0x00007ffdf21d0000 - 0x00007ffdf21e7000 	C:\Windows\System32\cryptsp.dll
0x00007ffdeb120000 - 0x00007ffdeb13a000 	C:\Program Files\Android\Android Studio\jre\jre\bin\net.dll
0x00007ffdf0850000 - 0x00007ffdf08b7000 	C:\Windows\system32\mswsock.dll
0x00007ffdeb100000 - 0x00007ffdeb113000 	C:\Program Files\Android\Android Studio\jre\jre\bin\nio.dll
0x00007ffddc4e0000 - 0x00007ffddc506000 	C:\Users\ASUS\.gradle\native\31\windows-amd64\native-platform.dll
0x00007ffdec430000 - 0x00007ffdec43d000 	C:\Program Files\Android\Android Studio\jre\jre\bin\management.dll
0x00007ffdf03c0000 - 0x00007ffdf03f3000 	C:\Windows\system32\rsaenh.dll
0x00007ffdf15c0000 - 0x00007ffdf15e6000 	C:\Windows\System32\bcrypt.dll
0x00007ffdf0f20000 - 0x00007ffdf0f45000 	C:\Windows\SYSTEM32\USERENV.dll
0x00007ffdf0a20000 - 0x00007ffdf0a2c000 	C:\Windows\SYSTEM32\CRYPTBASE.dll
0x00007ffdf0560000 - 0x00007ffdf059a000 	C:\Windows\SYSTEM32\IPHLPAPI.DLL
0x00007ffdf3d20000 - 0x00007ffdf3d28000 	C:\Windows\System32\NSI.dll
0x00007ffde7490000 - 0x00007ffde74a6000 	C:\Windows\SYSTEM32\dhcpcsvc6.DLL
0x00007ffde85f0000 - 0x00007ffde860c000 	C:\Windows\SYSTEM32\dhcpcsvc.DLL
0x00007ffdf05a0000 - 0x00007ffdf066b000 	C:\Windows\SYSTEM32\DNSAPI.dll
0x00007ffdf0040000 - 0x00007ffdf0071000 	C:\Windows\SYSTEM32\ntmarta.dll
0x00007ffda2ca0000 - 0x00007ffda2e3c000 	C:\Program Files\Android\Android Studio\jre\jre\bin\awt.dll
0x00007ffdf4030000 - 0x00007ffdf40f5000 	C:\Windows\System32\OLEAUT32.dll
0x00007ffdef310000 - 0x00007ffdef33d000 	C:\Windows\SYSTEM32\dwmapi.dll
0x00007ffdec4d0000 - 0x00007ffdeca90000 	C:\Windows\SYSTEM32\d2d1.dll
0x00007ffdedfe0000 - 0x00007ffdee06f000 	C:\Windows\SYSTEM32\apphelp.dll
0x00007ffdee0f0000 - 0x00007ffdee189000 	C:\Windows\system32\uxtheme.dll
0x0000000066e00000 - 0x0000000066f03000 	C:\Users\ASUS\AppData\Local\Temp\sqlite-3.25.2-de3efe1c-80c9-47cd-b2b8-572d38b1652b-sqlitejdbc.dll

VM Arguments:
jvm_args: -Xmx1536m -Dfile.encoding=windows-1252 -Duser.country=US -Duser.language=en -Duser.variant 
java_command: org.gradle.launcher.daemon.bootstrap.GradleDaemon 6.1.1
java_class_path (initial): C:\Users\ASUS\.gradle\wrapper\dists\gradle-6.1.1-all\cfmwm155h49vnt3hynmlrsdst\gradle-6.1.1\lib\gradle-launcher-6.1.1.jar
Launcher Type: SUN_STANDARD

Environment Variables:
PATH=C:\Program Files\iis express\PHP\v7.2;C:\Windows\system32;C:\Windows;C:\Windows\System32\Wbem;C:\Windows\System32\WindowsPowerShell\v1.0\;C:\Windows\System32\OpenSSH\;C:\Program Files\Microsoft SQL Server\Client SDK\ODBC\170\Tools\Binn\;C:\Program Files (x86)\Microsoft SQL Server\150\Tools\Binn\;C:\Program Files\Microsoft SQL Server\150\Tools\Binn\;C:\Program Files\Microsoft SQL Server\150\DTS\Binn\;C:\Program Files (x86)\Microsoft SQL Server\150\DTS\Binn\;C:\Program Files\TortoiseSVN\bin;C:\Program Files\Intel\WiFi\bin\;C:\Program Files\Common Files\Intel\WirelessCommon\;C:\Program Files\Microsoft SQL Server\Client SDK\ODBC\130\Tools\Binn\;C:\Program Files (x86)\Microsoft SQL Server\140\Tools\Binn\;C:\Program Files\Microsoft SQL Server\140\Tools\Binn\;C:\Program Files\Microsoft SQL Server\140\DTS\Binn\;C:\Program Files\Microsoft SQL Server\Client SDK\ODBC\110\Tools\Binn\;C:\Program Files (x86)\Microsoft SQL Server\120\Tools\Binn\;C:\Program Files\Microsoft SQL Server\120\Tools\Binn\;C:\Program Files\Microsof;C:\Program Files (x86)\GtkSharp\2.12\bin;C:\Program Files\Git\cmd;C:\Users\ASUS\AppData\Local\Android\Sdk\platform-tools;C:\Users\ASUS\AppData\Local\Microsoft\WindowsApps;C:\Users\ASUS\AppData\Local\Android\Sdk\platform-tools;
USERNAME=ASUS
OS=Windows_NT
PROCESSOR_IDENTIFIER=Intel64 Family 6 Model 142 Stepping 9, GenuineIntel



---------------  S Y S T E M  ---------------

OS: Windows 10.0 , 64 bit Build 18362 (10.0.18362.1082)

CPU:total 4 (initial active 4) (2 cores per cpu, 2 threads per core) family 6 model 142 stepping 9, cmov, cx8, fxsr, mmx, sse, sse2, sse3, ssse3, sse4.1, sse4.2, popcnt, avx, avx2, aes, clmul, erms, 3dnowpref, lzcnt, ht, tsc, tscinvbit, bmi1, bmi2, adx

Memory: 4k page, physical 8266396k(407640k free), swap 15434396k(6676k free)

vm_info: OpenJDK 64-Bit Server VM (25.242-b01) for windows-amd64 JRE (1.8.0_242-release-1644-b01), built by "builder" with MS VC++ 10.0 (VS2010)

time: Sun Oct 04 22:42:04 2020
timezone: Iran Standard Time
elapsed time: 66 seconds (0d 0h 1m 6s)

